running egg_info
writing ../build/go2_twist_bridge_py/go2_twist_bridge_py.egg-info/PKG-INFO
writing dependency_links to ../build/go2_twist_bridge_py/go2_twist_bridge_py.egg-info/dependency_links.txt
writing entry points to ../build/go2_twist_bridge_py/go2_twist_bridge_py.egg-info/entry_points.txt
writing requirements to ../build/go2_twist_bridge_py/go2_twist_bridge_py.egg-info/requires.txt
writing top-level names to ../build/go2_twist_bridge_py/go2_twist_bridge_py.egg-info/top_level.txt
reading manifest file '../build/go2_twist_bridge_py/go2_twist_bridge_py.egg-info/SOURCES.txt'
writing manifest file '../build/go2_twist_bridge_py/go2_twist_bridge_py.egg-info/SOURCES.txt'
running build
running build_py
running install
running install_lib
running install_data
copying resource/go2_twist_bridge_py -> /home/zjkj/unitreeGO2_ws/src/base/install/go2_twist_bridge_py/share/ament_index/resource_index/packages
copying package.xml -> /home/zjkj/unitreeGO2_ws/src/base/install/go2_twist_bridge_py/share/go2_twist_bridge_py
running install_egg_info
Copying ../build/go2_twist_bridge_py/go2_twist_bridge_py.egg-info to /home/zjkj/unitreeGO2_ws/src/base/install/go2_twist_bridge_py/lib/python3.8/site-packages/go2_twist_bridge_py-0.0.0-py3.8.egg-info
running install_scripts
Installing twist_bridge script to /home/zjkj/unitreeGO2_ws/src/base/install/go2_twist_bridge_py/lib/go2_twist_bridge_py
writing list of installed files to '/home/zjkj/unitreeGO2_ws/src/base/build/go2_twist_bridge_py/install.log'
