[0.371s] Invoking command in '/home/zjkj/unitreeGO2_ws/src/base/go2_twist_bridge_py': PYTHONPATH=/home/zjkj/unitreeGO2_ws/src/base/build/go2_twist_bridge_py/prefix_override:/usr/lib/python3/dist-packages/colcon_core/task/python/colcon_distutils_commands:/home/zjkj/unitreeGO2_ws/src/base/install/go2_twist_bridge_py/lib/python3.8/site-packages:${PYTHONPATH} /usr/bin/python3 -W ignore:setup.py install is deprecated -W ignore:easy_install command is deprecated setup.py egg_info --egg-base ../build/go2_twist_bridge_py build --build-base /home/zjkj/unitreeGO2_ws/src/base/build/go2_twist_bridge_py/build install --record /home/zjkj/unitreeGO2_ws/src/base/build/go2_twist_bridge_py/install.log --install-scripts $base/lib/go2_twist_brideg_py --single-version-externally-managed install_data
[0.490s] running egg_info
[0.490s] creating ../build/go2_twist_bridge_py/go2_twist_bridge_py.egg-info
[0.491s] writing ../build/go2_twist_bridge_py/go2_twist_bridge_py.egg-info/PKG-INFO
[0.491s] writing dependency_links to ../build/go2_twist_bridge_py/go2_twist_bridge_py.egg-info/dependency_links.txt
[0.491s] writing entry points to ../build/go2_twist_bridge_py/go2_twist_bridge_py.egg-info/entry_points.txt
[0.491s] writing requirements to ../build/go2_twist_bridge_py/go2_twist_bridge_py.egg-info/requires.txt
[0.491s] writing top-level names to ../build/go2_twist_bridge_py/go2_twist_bridge_py.egg-info/top_level.txt
[0.492s] writing manifest file '../build/go2_twist_bridge_py/go2_twist_bridge_py.egg-info/SOURCES.txt'
[0.513s] reading manifest file '../build/go2_twist_bridge_py/go2_twist_bridge_py.egg-info/SOURCES.txt'
[0.513s] writing manifest file '../build/go2_twist_bridge_py/go2_twist_bridge_py.egg-info/SOURCES.txt'
[0.513s] running build
[0.513s] running build_py
[0.513s] creating /home/zjkj/unitreeGO2_ws/src/base/build/go2_twist_bridge_py/build
[0.513s] creating /home/zjkj/unitreeGO2_ws/src/base/build/go2_twist_bridge_py/build/lib
[0.513s] creating /home/zjkj/unitreeGO2_ws/src/base/build/go2_twist_bridge_py/build/lib/go2_twist_bridge_py
[0.514s] copying go2_twist_bridge_py/__init__.py -> /home/zjkj/unitreeGO2_ws/src/base/build/go2_twist_bridge_py/build/lib/go2_twist_bridge_py
[0.514s] copying go2_twist_bridge_py/sport_model.py -> /home/zjkj/unitreeGO2_ws/src/base/build/go2_twist_bridge_py/build/lib/go2_twist_bridge_py
[0.514s] copying go2_twist_bridge_py/twist_bridge.py -> /home/zjkj/unitreeGO2_ws/src/base/build/go2_twist_bridge_py/build/lib/go2_twist_bridge_py
[0.514s] running install
[0.514s] running install_lib
[0.515s] creating /home/zjkj/unitreeGO2_ws/src/base/install/go2_twist_bridge_py/lib/python3.8/site-packages/go2_twist_bridge_py
[0.515s] copying /home/zjkj/unitreeGO2_ws/src/base/build/go2_twist_bridge_py/build/lib/go2_twist_bridge_py/__init__.py -> /home/zjkj/unitreeGO2_ws/src/base/install/go2_twist_bridge_py/lib/python3.8/site-packages/go2_twist_bridge_py
[0.515s] copying /home/zjkj/unitreeGO2_ws/src/base/build/go2_twist_bridge_py/build/lib/go2_twist_bridge_py/sport_model.py -> /home/zjkj/unitreeGO2_ws/src/base/install/go2_twist_bridge_py/lib/python3.8/site-packages/go2_twist_bridge_py
[0.515s] copying /home/zjkj/unitreeGO2_ws/src/base/build/go2_twist_bridge_py/build/lib/go2_twist_bridge_py/twist_bridge.py -> /home/zjkj/unitreeGO2_ws/src/base/install/go2_twist_bridge_py/lib/python3.8/site-packages/go2_twist_bridge_py
[0.516s] byte-compiling /home/zjkj/unitreeGO2_ws/src/base/install/go2_twist_bridge_py/lib/python3.8/site-packages/go2_twist_bridge_py/__init__.py to __init__.cpython-38.pyc
[0.516s] byte-compiling /home/zjkj/unitreeGO2_ws/src/base/install/go2_twist_bridge_py/lib/python3.8/site-packages/go2_twist_bridge_py/sport_model.py to sport_model.cpython-38.pyc
[0.517s] byte-compiling /home/zjkj/unitreeGO2_ws/src/base/install/go2_twist_bridge_py/lib/python3.8/site-packages/go2_twist_bridge_py/twist_bridge.py to twist_bridge.cpython-38.pyc
[0.517s] running install_data
[0.517s] creating /home/zjkj/unitreeGO2_ws/src/base/install/go2_twist_bridge_py/share/ament_index
[0.517s] creating /home/zjkj/unitreeGO2_ws/src/base/install/go2_twist_bridge_py/share/ament_index/resource_index
[0.517s] creating /home/zjkj/unitreeGO2_ws/src/base/install/go2_twist_bridge_py/share/ament_index/resource_index/packages
[0.517s] error: can't copy 'resource/go2_twist_bridge_py': doesn't exist or not a regular file
[0.531s] Invoked command in '/home/zjkj/unitreeGO2_ws/src/base/go2_twist_bridge_py' returned '1': PYTHONPATH=/home/zjkj/unitreeGO2_ws/src/base/build/go2_twist_bridge_py/prefix_override:/usr/lib/python3/dist-packages/colcon_core/task/python/colcon_distutils_commands:/home/zjkj/unitreeGO2_ws/src/base/install/go2_twist_bridge_py/lib/python3.8/site-packages:${PYTHONPATH} /usr/bin/python3 -W ignore:setup.py install is deprecated -W ignore:easy_install command is deprecated setup.py egg_info --egg-base ../build/go2_twist_bridge_py build --build-base /home/zjkj/unitreeGO2_ws/src/base/build/go2_twist_bridge_py/build install --record /home/zjkj/unitreeGO2_ws/src/base/build/go2_twist_bridge_py/install.log --install-scripts $base/lib/go2_twist_brideg_py --single-version-externally-managed install_data
