[0.008s] Invoking command in '/home/zjkj/unitreeGO2_ws/build/go2_driver': CMAKE_PREFIX_PATH=${CMAKE_PREFIX_PATH}:/home/zjkj/unitreeGO2_ws/install/go2_teleop_ctrl_keyboard:/opt/ros/foxy /usr/bin/cmake /home/zjkj/unitreeGO2_ws/src/base/go2_driver -DCMAKE_INSTALL_PREFIX=/home/zjkj/unitreeGO2_ws/install/go2_driver
[0.046s] -- The C compiler identification is GNU 9.4.0
[0.079s] -- The CXX compiler identification is GNU 9.4.0
[0.082s] -- Check for working C compiler: /usr/bin/cc
[0.126s] -- Check for working C compiler: /usr/bin/cc -- works
[0.126s] -- Detecting C compiler ABI info
[0.167s] -- Detecting C compiler ABI info - done
[0.173s] -- Detecting C compile features
[0.174s] -- Detecting C compile features - done
[0.175s] -- Check for working CXX compiler: /usr/bin/c++
[0.228s] -- Check for working CXX compiler: /usr/bin/c++ -- works
[0.228s] -- Detecting CXX compiler ABI info
[0.275s] -- Detecting CXX compiler ABI info - done
[0.282s] -- Detecting CXX compile features
[0.282s] -- Detecting CXX compile features - done
[0.283s] -- Found ament_cmake: 0.9.12 (/opt/ros/foxy/share/ament_cmake/cmake)
[0.299s] -- Found PythonInterp: /usr/bin/python3 (found suitable version "3.8.10", minimum required is "3") 
[0.299s] -- Using PYTHON_EXECUTABLE: /usr/bin/python3
[0.411s] -- Found rclcpp: 2.4.3 (/opt/ros/foxy/share/rclcpp/cmake)
[0.447s] -- Using all available rosidl_typesupport_c: rosidl_typesupport_fastrtps_c;rosidl_typesupport_introspection_c
[0.451s] -- Found rosidl_adapter: 1.3.1 (/opt/ros/foxy/share/rosidl_adapter/cmake)
[0.502s] -- Found OpenSSL: /usr/lib/x86_64-linux-gnu/libcrypto.so (found version "1.1.1f")  
[0.522s] -- Found FastRTPS: /opt/ros/foxy/include  
[0.571s] -- Using all available rosidl_typesupport_cpp: rosidl_typesupport_fastrtps_cpp;rosidl_typesupport_introspection_cpp
[0.609s] -- Found rmw_implementation_cmake: 1.0.4 (/opt/ros/foxy/share/rmw_implementation_cmake/cmake)
[0.611s] -- Using RMW implementation 'rmw_cyclonedds_cpp' as default
[0.612s] -- Looking for pthread.h
[0.663s] -- Looking for pthread.h - found
[0.663s] -- Performing Test CMAKE_HAVE_LIBC_PTHREAD
[0.708s] -- Performing Test CMAKE_HAVE_LIBC_PTHREAD - Failed
[0.708s] -- Looking for pthread_create in pthreads
[0.750s] -- Looking for pthread_create in pthreads - not found
[0.750s] -- Looking for pthread_create in pthread
[0.795s] -- Looking for pthread_create in pthread - found
[0.796s] -- Found Threads: TRUE  
[0.895s] -- Found unitree_go: 0.0.0 (/home/zjkj/unitree_ros2/cyclonedds_ws/install/unitree_go/share/unitree_go/cmake)
[0.963s] -- Found ament_lint_auto: 0.9.8 (/opt/ros/foxy/share/ament_lint_auto/cmake)
[1.006s] -- Added test 'copyright' to check source files copyright and LICENSE
[1.006s] -- Added test 'cppcheck' to perform static code analysis on C / C++ code
[1.006s] -- Configured cppcheck include dirs: $<BUILD_INTERFACE:/home/zjkj/unitreeGO2_ws/src/base/go2_driver/include>
[1.006s] -- Configured cppcheck exclude dirs and/or files: 
[1.007s] -- Added test 'cpplint' to check C / C++ code against the Google style
[1.007s] -- Configured cpplint exclude dirs and/or files: 
[1.007s] -- Added test 'lint_cmake' to check CMake code style
[1.008s] -- Added test 'uncrustify' to check C / C++ code style
[1.008s] -- Configured uncrustify additional arguments: 
[1.008s] -- Added test 'xmllint' to check XML markup files
[1.010s] -- Configuring done
[1.016s] -- Generating done
[1.019s] -- Build files have been written to: /home/zjkj/unitreeGO2_ws/build/go2_driver
[1.027s] Invoked command in '/home/zjkj/unitreeGO2_ws/build/go2_driver' returned '0': CMAKE_PREFIX_PATH=${CMAKE_PREFIX_PATH}:/home/zjkj/unitreeGO2_ws/install/go2_teleop_ctrl_keyboard:/opt/ros/foxy /usr/bin/cmake /home/zjkj/unitreeGO2_ws/src/base/go2_driver -DCMAKE_INSTALL_PREFIX=/home/zjkj/unitreeGO2_ws/install/go2_driver
[1.027s] Invoking command in '/home/zjkj/unitreeGO2_ws/build/go2_driver': CMAKE_PREFIX_PATH=${CMAKE_PREFIX_PATH}:/home/zjkj/unitreeGO2_ws/install/go2_teleop_ctrl_keyboard:/opt/ros/foxy /usr/bin/cmake --build /home/zjkj/unitreeGO2_ws/build/go2_driver -- -j16 -l16
[1.051s] [35m[1mScanning dependencies of target driver[0m
[1.058s] [ 50%] [32mBuilding CXX object CMakeFiles/driver.dir/src/driver.cpp.o[0m
[1.076s] [100%] [32m[1mLinking CXX executable driver[0m
[1.115s] [100%] Built target driver
[1.123s] Invoked command in '/home/zjkj/unitreeGO2_ws/build/go2_driver' returned '0': CMAKE_PREFIX_PATH=${CMAKE_PREFIX_PATH}:/home/zjkj/unitreeGO2_ws/install/go2_teleop_ctrl_keyboard:/opt/ros/foxy /usr/bin/cmake --build /home/zjkj/unitreeGO2_ws/build/go2_driver -- -j16 -l16
[1.131s] Invoking command in '/home/zjkj/unitreeGO2_ws/build/go2_driver': CMAKE_PREFIX_PATH=${CMAKE_PREFIX_PATH}:/home/zjkj/unitreeGO2_ws/install/go2_teleop_ctrl_keyboard:/opt/ros/foxy /usr/bin/cmake --install /home/zjkj/unitreeGO2_ws/build/go2_driver
[1.137s] -- Install configuration: ""
[1.137s] -- Installing: /home/zjkj/unitreeGO2_ws/install/go2_driver/lib/go2_driver/driver
[1.137s] -- Set runtime path of "/home/zjkj/unitreeGO2_ws/install/go2_driver/lib/go2_driver/driver" to ""
[1.137s] -- Installing: /home/zjkj/unitreeGO2_ws/install/go2_driver/share/ament_index/resource_index/package_run_dependencies/go2_driver
[1.137s] -- Installing: /home/zjkj/unitreeGO2_ws/install/go2_driver/share/ament_index/resource_index/parent_prefix_path/go2_driver
[1.137s] -- Installing: /home/zjkj/unitreeGO2_ws/install/go2_driver/share/go2_driver/environment/ament_prefix_path.sh
[1.137s] -- Installing: /home/zjkj/unitreeGO2_ws/install/go2_driver/share/go2_driver/environment/ament_prefix_path.dsv
[1.137s] -- Installing: /home/zjkj/unitreeGO2_ws/install/go2_driver/share/go2_driver/environment/path.sh
[1.137s] -- Installing: /home/zjkj/unitreeGO2_ws/install/go2_driver/share/go2_driver/environment/path.dsv
[1.137s] -- Installing: /home/zjkj/unitreeGO2_ws/install/go2_driver/share/go2_driver/local_setup.bash
[1.137s] -- Installing: /home/zjkj/unitreeGO2_ws/install/go2_driver/share/go2_driver/local_setup.sh
[1.137s] -- Installing: /home/zjkj/unitreeGO2_ws/install/go2_driver/share/go2_driver/local_setup.zsh
[1.137s] -- Installing: /home/zjkj/unitreeGO2_ws/install/go2_driver/share/go2_driver/local_setup.dsv
[1.137s] -- Installing: /home/zjkj/unitreeGO2_ws/install/go2_driver/share/go2_driver/package.dsv
[1.137s] -- Installing: /home/zjkj/unitreeGO2_ws/install/go2_driver/share/ament_index/resource_index/packages/go2_driver
[1.137s] -- Installing: /home/zjkj/unitreeGO2_ws/install/go2_driver/share/go2_driver/cmake/go2_driverConfig.cmake
[1.137s] -- Installing: /home/zjkj/unitreeGO2_ws/install/go2_driver/share/go2_driver/cmake/go2_driverConfig-version.cmake
[1.137s] -- Installing: /home/zjkj/unitreeGO2_ws/install/go2_driver/share/go2_driver/package.xml
[1.138s] Invoked command in '/home/zjkj/unitreeGO2_ws/build/go2_driver' returned '0': CMAKE_PREFIX_PATH=${CMAKE_PREFIX_PATH}:/home/zjkj/unitreeGO2_ws/install/go2_teleop_ctrl_keyboard:/opt/ros/foxy /usr/bin/cmake --install /home/zjkj/unitreeGO2_ws/build/go2_driver
