[0.009s] Invoking command in '/home/zjkj/unitreeGO2_ws/build/go2_twist_bridge': CMAKE_PREFIX_PATH=${CMAKE_PREFIX_PATH}:/home/zjkj/unitreeGO2_ws/install/go2_teleop_ctrl_keyboard:/opt/ros/foxy /usr/bin/cmake --build /home/zjkj/unitreeGO2_ws/build/go2_twist_bridge -- -j16 -l16
[0.039s] [35m[1mScanning dependencies of target twist_bridge[0m
[0.057s] [ 50%] [32mBuilding CXX object CMakeFiles/twist_bridge.dir/src/twist_bridge.cpp.o[0m
[0.831s] [01m[K/home/zjkj/unitreeGO2_ws/src/base/go2_twist_bridge/src/twist_bridge.cpp:[m[K In member function ‘[01m[Kvoid TwistBridge::twist_cb(geometry_msgs::msg::Twist_<std::allocator<void> >::SharedPtr)[m[K’:
[0.831s] [01m[K/home/zjkj/unitreeGO2_ws/src/base/go2_twist_bridge/src/twist_bridge.cpp:33:62:[m[K [01;35m[Kwarning: [m[Kunused parameter ‘[01m[Ktwist[m[K’ [[01;35m[K-Wunused-parameter[m[K]
[0.831s]    33 |     void twist_cb([01;35m[Kconst geometry_msgs::msg::Twist::SharedPtr twist[m[K){
[0.831s]       |                   [01;35m[K~~~~~~~~~~~~~~~~~~~~~~~~~~~~~~~~~~~~~~~~~~~^~~~~[m[K
[3.130s] [100%] [32m[1mLinking CXX executable twist_bridge[0m
[3.287s] [100%] Built target twist_bridge
[3.295s] Invoked command in '/home/zjkj/unitreeGO2_ws/build/go2_twist_bridge' returned '0': CMAKE_PREFIX_PATH=${CMAKE_PREFIX_PATH}:/home/zjkj/unitreeGO2_ws/install/go2_teleop_ctrl_keyboard:/opt/ros/foxy /usr/bin/cmake --build /home/zjkj/unitreeGO2_ws/build/go2_twist_bridge -- -j16 -l16
[3.305s] Invoking command in '/home/zjkj/unitreeGO2_ws/build/go2_twist_bridge': CMAKE_PREFIX_PATH=${CMAKE_PREFIX_PATH}:/home/zjkj/unitreeGO2_ws/install/go2_teleop_ctrl_keyboard:/opt/ros/foxy /usr/bin/cmake --install /home/zjkj/unitreeGO2_ws/build/go2_twist_bridge
[3.310s] -- Install configuration: ""
[3.310s] -- Installing: /home/zjkj/unitreeGO2_ws/install/go2_twist_bridge/lib/go2_twist_bridge/twist_bridge
[3.311s] -- Set runtime path of "/home/zjkj/unitreeGO2_ws/install/go2_twist_bridge/lib/go2_twist_bridge/twist_bridge" to ""
[3.312s] -- Up-to-date: /home/zjkj/unitreeGO2_ws/install/go2_twist_bridge/share/ament_index/resource_index/package_run_dependencies/go2_twist_bridge
[3.312s] -- Up-to-date: /home/zjkj/unitreeGO2_ws/install/go2_twist_bridge/share/ament_index/resource_index/parent_prefix_path/go2_twist_bridge
[3.312s] -- Up-to-date: /home/zjkj/unitreeGO2_ws/install/go2_twist_bridge/share/go2_twist_bridge/environment/ament_prefix_path.sh
[3.312s] -- Up-to-date: /home/zjkj/unitreeGO2_ws/install/go2_twist_bridge/share/go2_twist_bridge/environment/ament_prefix_path.dsv
[3.312s] -- Up-to-date: /home/zjkj/unitreeGO2_ws/install/go2_twist_bridge/share/go2_twist_bridge/environment/path.sh
[3.312s] -- Up-to-date: /home/zjkj/unitreeGO2_ws/install/go2_twist_bridge/share/go2_twist_bridge/environment/path.dsv
[3.312s] -- Up-to-date: /home/zjkj/unitreeGO2_ws/install/go2_twist_bridge/share/go2_twist_bridge/local_setup.bash
[3.312s] -- Up-to-date: /home/zjkj/unitreeGO2_ws/install/go2_twist_bridge/share/go2_twist_bridge/local_setup.sh
[3.312s] -- Up-to-date: /home/zjkj/unitreeGO2_ws/install/go2_twist_bridge/share/go2_twist_bridge/local_setup.zsh
[3.312s] -- Up-to-date: /home/zjkj/unitreeGO2_ws/install/go2_twist_bridge/share/go2_twist_bridge/local_setup.dsv
[3.312s] -- Installing: /home/zjkj/unitreeGO2_ws/install/go2_twist_bridge/share/go2_twist_bridge/package.dsv
[3.312s] -- Up-to-date: /home/zjkj/unitreeGO2_ws/install/go2_twist_bridge/share/ament_index/resource_index/packages/go2_twist_bridge
[3.313s] -- Up-to-date: /home/zjkj/unitreeGO2_ws/install/go2_twist_bridge/share/go2_twist_bridge/cmake/go2_twist_bridgeConfig.cmake
[3.313s] -- Up-to-date: /home/zjkj/unitreeGO2_ws/install/go2_twist_bridge/share/go2_twist_bridge/cmake/go2_twist_bridgeConfig-version.cmake
[3.313s] -- Up-to-date: /home/zjkj/unitreeGO2_ws/install/go2_twist_bridge/share/go2_twist_bridge/package.xml
[3.314s] Invoked command in '/home/zjkj/unitreeGO2_ws/build/go2_twist_bridge' returned '0': CMAKE_PREFIX_PATH=${CMAKE_PREFIX_PATH}:/home/zjkj/unitreeGO2_ws/install/go2_teleop_ctrl_keyboard:/opt/ros/foxy /usr/bin/cmake --install /home/zjkj/unitreeGO2_ws/build/go2_twist_bridge
