-- Found ament_cmake: 0.9.12 (/opt/ros/foxy/share/ament_cmake/cmake)
-- Using PYTHON_EXECUTABLE: /usr/bin/python3
-- Found rclcpp: 2.4.3 (/opt/ros/foxy/share/rclcpp/cmake)
-- Using all available rosidl_typesupport_c: rosidl_typesupport_fastrtps_c;rosidl_typesupport_introspection_c
-- Found rosidl_adapter: 1.3.1 (/opt/ros/foxy/share/rosidl_adapter/cmake)
-- Using all available rosidl_typesupport_cpp: rosidl_typesupport_fastrtps_cpp;rosidl_typesupport_introspection_cpp
-- Found rmw_implementation_cmake: 1.0.4 (/opt/ros/foxy/share/rmw_implementation_cmake/cmake)
-- Using RMW implementation 'rmw_cyclonedds_cpp' as default
-- Found unitree_go: 0.0.0 (/home/zjkj/unitree_ros2/cyclonedds_ws/install/unitree_go/share/unitree_go/cmake)
-- Found ament_lint_auto: 0.9.8 (/opt/ros/foxy/share/ament_lint_auto/cmake)
-- Added test 'copyright' to check source files copyright and LICENSE
-- Added test 'cppcheck' to perform static code analysis on C / C++ code
-- Configured cppcheck include dirs: $<BUILD_INTERFACE:/home/zjkj/unitreeGO2_ws/src/base/go2_driver/include>
-- Configured cppcheck exclude dirs and/or files: 
-- Added test 'cpplint' to check C / C++ code against the Google style
-- Configured cpplint exclude dirs and/or files: 
-- Added test 'flake8' to check Python code syntax and style conventions
-- Added test 'lint_cmake' to check CMake code style
-- Added test 'pep257' to check Python code against some of the style conventions in PEP 257
-- Added test 'uncrustify' to check C / C++ code style
-- Configured uncrustify additional arguments: 
-- Added test 'xmllint' to check XML markup files
-- Configuring done
-- Generating done
-- Build files have been written to: /home/zjkj/unitreeGO2_ws/build/go2_driver
[100%] Built target driver
-- Install configuration: ""
-- Installing: /home/zjkj/unitreeGO2_ws/install/go2_driver/share/go2_driver/src
-- Installing: /home/zjkj/unitreeGO2_ws/install/go2_driver/share/go2_driver/src/driver.cpp
-- Installing: /home/zjkj/unitreeGO2_ws/install/go2_driver/share/go2_driver/launch
-- Installing: /home/zjkj/unitreeGO2_ws/install/go2_driver/share/go2_driver/launch/driver.launch.py
-- Installing: /home/zjkj/unitreeGO2_ws/install/go2_driver/share/go2_driver/rviz
-- Installing: /home/zjkj/unitreeGO2_ws/install/go2_driver/share/go2_driver/params
-- Up-to-date: /home/zjkj/unitreeGO2_ws/install/go2_driver/lib/go2_driver/driver
-- Up-to-date: /home/zjkj/unitreeGO2_ws/install/go2_driver/share/ament_index/resource_index/package_run_dependencies/go2_driver
-- Up-to-date: /home/zjkj/unitreeGO2_ws/install/go2_driver/share/ament_index/resource_index/parent_prefix_path/go2_driver
-- Up-to-date: /home/zjkj/unitreeGO2_ws/install/go2_driver/share/go2_driver/environment/ament_prefix_path.sh
-- Installing: /home/zjkj/unitreeGO2_ws/install/go2_driver/share/go2_driver/environment/ament_prefix_path.dsv
-- Up-to-date: /home/zjkj/unitreeGO2_ws/install/go2_driver/share/go2_driver/environment/path.sh
-- Installing: /home/zjkj/unitreeGO2_ws/install/go2_driver/share/go2_driver/environment/path.dsv
-- Up-to-date: /home/zjkj/unitreeGO2_ws/install/go2_driver/share/go2_driver/local_setup.bash
-- Up-to-date: /home/zjkj/unitreeGO2_ws/install/go2_driver/share/go2_driver/local_setup.sh
-- Up-to-date: /home/zjkj/unitreeGO2_ws/install/go2_driver/share/go2_driver/local_setup.zsh
-- Installing: /home/zjkj/unitreeGO2_ws/install/go2_driver/share/go2_driver/local_setup.dsv
-- Installing: /home/zjkj/unitreeGO2_ws/install/go2_driver/share/go2_driver/package.dsv
-- Up-to-date: /home/zjkj/unitreeGO2_ws/install/go2_driver/share/ament_index/resource_index/packages/go2_driver
-- Up-to-date: /home/zjkj/unitreeGO2_ws/install/go2_driver/share/go2_driver/cmake/go2_driverConfig.cmake
-- Up-to-date: /home/zjkj/unitreeGO2_ws/install/go2_driver/share/go2_driver/cmake/go2_driverConfig-version.cmake
-- Up-to-date: /home/zjkj/unitreeGO2_ws/install/go2_driver/share/go2_driver/package.xml
