[0.009s] Invoking command in '/home/zjkj/unitreeGO2_ws/build/go2_driver': CMAKE_PREFIX_PATH=${CMAKE_PREFIX_PATH}:/home/zjkj/unitreeGO2_ws/install/go2_teleop_ctrl_keyboard:/opt/ros/foxy /usr/bin/cmake --build /home/zjkj/unitreeGO2_ws/build/go2_driver -- -j16 -l16
[0.032s] -- Found ament_cmake: 0.9.12 (/opt/ros/foxy/share/ament_cmake/cmake)
[0.046s] -- Using PYTHON_EXECUTABLE: /usr/bin/python3
[0.146s] -- Found rclcpp: 2.4.3 (/opt/ros/foxy/share/rclcpp/cmake)
[0.165s] -- Using all available rosidl_typesupport_c: rosidl_typesupport_fastrtps_c;rosidl_typesupport_introspection_c
[0.167s] -- Found rosidl_adapter: 1.3.1 (/opt/ros/foxy/share/rosidl_adapter/cmake)
[0.241s] -- Using all available rosidl_typesupport_cpp: rosidl_typesupport_fastrtps_cpp;rosidl_typesupport_introspection_cpp
[0.268s] -- Found rmw_implementation_cmake: 1.0.4 (/opt/ros/foxy/share/rmw_implementation_cmake/cmake)
[0.269s] -- Using RMW implementation 'rmw_cyclonedds_cpp' as default
[0.351s] -- Found unitree_go: 0.0.0 (/home/zjkj/unitree_ros2/cyclonedds_ws/install/unitree_go/share/unitree_go/cmake)
[0.410s] -- Found ament_lint_auto: 0.9.8 (/opt/ros/foxy/share/ament_lint_auto/cmake)
[0.451s] -- Added test 'copyright' to check source files copyright and LICENSE
[0.451s] -- Added test 'cppcheck' to perform static code analysis on C / C++ code
[0.451s] -- Configured cppcheck include dirs: $<BUILD_INTERFACE:/home/zjkj/unitreeGO2_ws/src/base/go2_driver/include>
[0.451s] -- Configured cppcheck exclude dirs and/or files: 
[0.451s] -- Added test 'cpplint' to check C / C++ code against the Google style
[0.452s] -- Configured cpplint exclude dirs and/or files: 
[0.452s] -- Added test 'flake8' to check Python code syntax and style conventions
[0.452s] -- Added test 'lint_cmake' to check CMake code style
[0.452s] -- Added test 'pep257' to check Python code against some of the style conventions in PEP 257
[0.453s] -- Added test 'uncrustify' to check C / C++ code style
[0.453s] -- Configured uncrustify additional arguments: 
[0.453s] -- Added test 'xmllint' to check XML markup files
[0.454s] -- Configuring done
[0.458s] -- Generating done
[0.461s] -- Build files have been written to: /home/zjkj/unitreeGO2_ws/build/go2_driver
[0.486s] [100%] Built target driver
[0.493s] Invoked command in '/home/zjkj/unitreeGO2_ws/build/go2_driver' returned '0': CMAKE_PREFIX_PATH=${CMAKE_PREFIX_PATH}:/home/zjkj/unitreeGO2_ws/install/go2_teleop_ctrl_keyboard:/opt/ros/foxy /usr/bin/cmake --build /home/zjkj/unitreeGO2_ws/build/go2_driver -- -j16 -l16
[0.500s] Invoking command in '/home/zjkj/unitreeGO2_ws/build/go2_driver': CMAKE_PREFIX_PATH=${CMAKE_PREFIX_PATH}:/home/zjkj/unitreeGO2_ws/install/go2_teleop_ctrl_keyboard:/opt/ros/foxy /usr/bin/cmake --install /home/zjkj/unitreeGO2_ws/build/go2_driver
[0.505s] -- Install configuration: ""
[0.505s] -- Installing: /home/zjkj/unitreeGO2_ws/install/go2_driver/share/go2_driver/src
[0.505s] -- Installing: /home/zjkj/unitreeGO2_ws/install/go2_driver/share/go2_driver/src/driver.cpp
[0.505s] -- Installing: /home/zjkj/unitreeGO2_ws/install/go2_driver/share/go2_driver/launch
[0.505s] -- Installing: /home/zjkj/unitreeGO2_ws/install/go2_driver/share/go2_driver/launch/driver.launch.py
[0.505s] -- Installing: /home/zjkj/unitreeGO2_ws/install/go2_driver/share/go2_driver/rviz
[0.505s] -- Installing: /home/zjkj/unitreeGO2_ws/install/go2_driver/share/go2_driver/params
[0.505s] -- Up-to-date: /home/zjkj/unitreeGO2_ws/install/go2_driver/lib/go2_driver/driver
[0.505s] -- Up-to-date: /home/zjkj/unitreeGO2_ws/install/go2_driver/share/ament_index/resource_index/package_run_dependencies/go2_driver
[0.505s] -- Up-to-date: /home/zjkj/unitreeGO2_ws/install/go2_driver/share/ament_index/resource_index/parent_prefix_path/go2_driver
[0.505s] -- Up-to-date: /home/zjkj/unitreeGO2_ws/install/go2_driver/share/go2_driver/environment/ament_prefix_path.sh
[0.505s] -- Installing: /home/zjkj/unitreeGO2_ws/install/go2_driver/share/go2_driver/environment/ament_prefix_path.dsv
[0.505s] -- Up-to-date: /home/zjkj/unitreeGO2_ws/install/go2_driver/share/go2_driver/environment/path.sh
[0.505s] -- Installing: /home/zjkj/unitreeGO2_ws/install/go2_driver/share/go2_driver/environment/path.dsv
[0.505s] -- Up-to-date: /home/zjkj/unitreeGO2_ws/install/go2_driver/share/go2_driver/local_setup.bash
[0.505s] -- Up-to-date: /home/zjkj/unitreeGO2_ws/install/go2_driver/share/go2_driver/local_setup.sh
[0.505s] -- Up-to-date: /home/zjkj/unitreeGO2_ws/install/go2_driver/share/go2_driver/local_setup.zsh
[0.505s] -- Installing: /home/zjkj/unitreeGO2_ws/install/go2_driver/share/go2_driver/local_setup.dsv
[0.505s] -- Installing: /home/zjkj/unitreeGO2_ws/install/go2_driver/share/go2_driver/package.dsv
[0.505s] -- Up-to-date: /home/zjkj/unitreeGO2_ws/install/go2_driver/share/ament_index/resource_index/packages/go2_driver
[0.506s] -- Up-to-date: /home/zjkj/unitreeGO2_ws/install/go2_driver/share/go2_driver/cmake/go2_driverConfig.cmake
[0.506s] -- Up-to-date: /home/zjkj/unitreeGO2_ws/install/go2_driver/share/go2_driver/cmake/go2_driverConfig-version.cmake
[0.506s] -- Up-to-date: /home/zjkj/unitreeGO2_ws/install/go2_driver/share/go2_driver/package.xml
[0.507s] Invoked command in '/home/zjkj/unitreeGO2_ws/build/go2_driver' returned '0': CMAKE_PREFIX_PATH=${CMAKE_PREFIX_PATH}:/home/zjkj/unitreeGO2_ws/install/go2_teleop_ctrl_keyboard:/opt/ros/foxy /usr/bin/cmake --install /home/zjkj/unitreeGO2_ws/build/go2_driver
