[0.397s] Invoking command in '/home/zjkj/unitreeGO2_ws/src/base/go2_twist_brideg_py': PYTHONPATH=/home/zjkj/unitreeGO2_ws/src/base/build/go2_twist_brideg_py/prefix_override:/usr/lib/python3/dist-packages/colcon_core/task/python/colcon_distutils_commands:/home/zjkj/unitreeGO2_ws/src/base/install/go2_twist_brideg_py/lib/python3.8/site-packages:${PYTHONPATH} /usr/bin/python3 -W ignore:setup.py install is deprecated -W ignore:easy_install command is deprecated setup.py egg_info --egg-base ../build/go2_twist_brideg_py build --build-base /home/zjkj/unitreeGO2_ws/src/base/build/go2_twist_brideg_py/build install --record /home/zjkj/unitreeGO2_ws/src/base/build/go2_twist_brideg_py/install.log --install-scripts $base/lib/go2_twist_brideg_py --single-version-externally-managed install_data
[0.520s] running egg_info
[0.521s] creating ../build/go2_twist_brideg_py/go2_twist_brideg_py.egg-info
[0.521s] writing ../build/go2_twist_brideg_py/go2_twist_brideg_py.egg-info/PKG-INFO
[0.521s] writing dependency_links to ../build/go2_twist_brideg_py/go2_twist_brideg_py.egg-info/dependency_links.txt
[0.521s] writing entry points to ../build/go2_twist_brideg_py/go2_twist_brideg_py.egg-info/entry_points.txt
[0.521s] writing requirements to ../build/go2_twist_brideg_py/go2_twist_brideg_py.egg-info/requires.txt
[0.521s] writing top-level names to ../build/go2_twist_brideg_py/go2_twist_brideg_py.egg-info/top_level.txt
[0.526s] writing manifest file '../build/go2_twist_brideg_py/go2_twist_brideg_py.egg-info/SOURCES.txt'
[0.545s] reading manifest file '../build/go2_twist_brideg_py/go2_twist_brideg_py.egg-info/SOURCES.txt'
[0.546s] writing manifest file '../build/go2_twist_brideg_py/go2_twist_brideg_py.egg-info/SOURCES.txt'
[0.546s] running build
[0.546s] running build_py
[0.546s] creating /home/zjkj/unitreeGO2_ws/src/base/build/go2_twist_brideg_py/build
[0.546s] creating /home/zjkj/unitreeGO2_ws/src/base/build/go2_twist_brideg_py/build/lib
[0.546s] creating /home/zjkj/unitreeGO2_ws/src/base/build/go2_twist_brideg_py/build/lib/go2_twist_brideg_py
[0.546s] copying go2_twist_brideg_py/__init__.py -> /home/zjkj/unitreeGO2_ws/src/base/build/go2_twist_brideg_py/build/lib/go2_twist_brideg_py
[0.546s] copying go2_twist_brideg_py/sport_model.py -> /home/zjkj/unitreeGO2_ws/src/base/build/go2_twist_brideg_py/build/lib/go2_twist_brideg_py
[0.546s] copying go2_twist_brideg_py/twist_bridge.py -> /home/zjkj/unitreeGO2_ws/src/base/build/go2_twist_brideg_py/build/lib/go2_twist_brideg_py
[0.546s] running install
[0.547s] running install_lib
[0.548s] creating /home/zjkj/unitreeGO2_ws/src/base/install/go2_twist_brideg_py/lib/python3.8/site-packages/go2_twist_brideg_py
[0.548s] copying /home/zjkj/unitreeGO2_ws/src/base/build/go2_twist_brideg_py/build/lib/go2_twist_brideg_py/__init__.py -> /home/zjkj/unitreeGO2_ws/src/base/install/go2_twist_brideg_py/lib/python3.8/site-packages/go2_twist_brideg_py
[0.548s] copying /home/zjkj/unitreeGO2_ws/src/base/build/go2_twist_brideg_py/build/lib/go2_twist_brideg_py/sport_model.py -> /home/zjkj/unitreeGO2_ws/src/base/install/go2_twist_brideg_py/lib/python3.8/site-packages/go2_twist_brideg_py
[0.548s] copying /home/zjkj/unitreeGO2_ws/src/base/build/go2_twist_brideg_py/build/lib/go2_twist_brideg_py/twist_bridge.py -> /home/zjkj/unitreeGO2_ws/src/base/install/go2_twist_brideg_py/lib/python3.8/site-packages/go2_twist_brideg_py
[0.548s] byte-compiling /home/zjkj/unitreeGO2_ws/src/base/install/go2_twist_brideg_py/lib/python3.8/site-packages/go2_twist_brideg_py/__init__.py to __init__.cpython-38.pyc
[0.549s] byte-compiling /home/zjkj/unitreeGO2_ws/src/base/install/go2_twist_brideg_py/lib/python3.8/site-packages/go2_twist_brideg_py/sport_model.py to sport_model.cpython-38.pyc
[0.549s] byte-compiling /home/zjkj/unitreeGO2_ws/src/base/install/go2_twist_brideg_py/lib/python3.8/site-packages/go2_twist_brideg_py/twist_bridge.py to twist_bridge.cpython-38.pyc
[0.549s] running install_data
[0.549s] creating /home/zjkj/unitreeGO2_ws/src/base/install/go2_twist_brideg_py/share/ament_index
[0.550s] creating /home/zjkj/unitreeGO2_ws/src/base/install/go2_twist_brideg_py/share/ament_index/resource_index
[0.550s] creating /home/zjkj/unitreeGO2_ws/src/base/install/go2_twist_brideg_py/share/ament_index/resource_index/packages
[0.550s] copying resource/go2_twist_brideg_py -> /home/zjkj/unitreeGO2_ws/src/base/install/go2_twist_brideg_py/share/ament_index/resource_index/packages
[0.550s] copying package.xml -> /home/zjkj/unitreeGO2_ws/src/base/install/go2_twist_brideg_py/share/go2_twist_brideg_py
[0.550s] running install_egg_info
[0.551s] Copying ../build/go2_twist_brideg_py/go2_twist_brideg_py.egg-info to /home/zjkj/unitreeGO2_ws/src/base/install/go2_twist_brideg_py/lib/python3.8/site-packages/go2_twist_brideg_py-0.0.0-py3.8.egg-info
[0.551s] running install_scripts
[0.563s] Installing twist_bridge script to /home/zjkj/unitreeGO2_ws/src/base/install/go2_twist_brideg_py/lib/go2_twist_brideg_py
[0.564s] writing list of installed files to '/home/zjkj/unitreeGO2_ws/src/base/build/go2_twist_brideg_py/install.log'
[0.581s] Invoked command in '/home/zjkj/unitreeGO2_ws/src/base/go2_twist_brideg_py' returned '0': PYTHONPATH=/home/zjkj/unitreeGO2_ws/src/base/build/go2_twist_brideg_py/prefix_override:/usr/lib/python3/dist-packages/colcon_core/task/python/colcon_distutils_commands:/home/zjkj/unitreeGO2_ws/src/base/install/go2_twist_brideg_py/lib/python3.8/site-packages:${PYTHONPATH} /usr/bin/python3 -W ignore:setup.py install is deprecated -W ignore:easy_install command is deprecated setup.py egg_info --egg-base ../build/go2_twist_brideg_py build --build-base /home/zjkj/unitreeGO2_ws/src/base/build/go2_twist_brideg_py/build install --record /home/zjkj/unitreeGO2_ws/src/base/build/go2_twist_brideg_py/install.log --install-scripts $base/lib/go2_twist_brideg_py --single-version-externally-managed install_data
