[0.108s] DEBUG:colcon:Command line arguments: ['/usr/bin/colcon', 'build', '--packages-select', 'go2_twist_brideg_py']
[0.108s] DEBUG:colcon:Parsed command line arguments: Namespace(allow_overriding=[], ament_cmake_args=None, base_paths=['.'], build_base='build', catkin_cmake_args=None, catkin_skip_building_tests=False, cmake_args=None, cmake_clean_cache=False, cmake_clean_first=False, cmake_force_configure=False, cmake_target=None, cmake_target_skip_unavailable=False, continue_on_error=False, event_handlers=None, executor='parallel', ignore_user_meta=False, install_base='install', log_base=None, log_level=None, main=<bound method BuildVerb.main of <colcon_core.verb.build.BuildVerb object at 0x7fde04ea52b0>>, merge_install=False, metas=['./colcon.meta'], packages_above=None, packages_above_and_dependencies=None, packages_above_depth=None, packages_end=None, packages_ignore=None, packages_ignore_regex=None, packages_select=['go2_twist_brideg_py'], packages_select_build_failed=False, packages_select_by_dep=None, packages_select_regex=None, packages_select_test_failures=False, packages_skip=None, packages_skip_build_finished=False, packages_skip_by_dep=None, packages_skip_regex=None, packages_skip_test_passed=False, packages_skip_up_to=None, packages_start=None, packages_up_to=None, packages_up_to_regex=None, parallel_workers=16, paths=None, symlink_install=False, test_result_base=None, verb_extension=<colcon_core.verb.build.BuildVerb object at 0x7fde04ea52b0>, verb_name='build', verb_parser=<colcon_defaults.argument_parser.defaults.DefaultArgumentsDecorator object at 0x7fde04dee4f0>)
[0.187s] Level 1:colcon.colcon_core.package_discovery:discover_packages(colcon_meta) check parameters
[0.187s] Level 1:colcon.colcon_core.package_discovery:discover_packages(recursive) check parameters
[0.187s] Level 1:colcon.colcon_core.package_discovery:discover_packages(ignore) check parameters
[0.187s] Level 1:colcon.colcon_core.package_discovery:discover_packages(path) check parameters
[0.187s] Level 1:colcon.colcon_core.package_discovery:discover_packages(colcon_meta) discover
[0.187s] Level 1:colcon.colcon_core.package_discovery:discover_packages(recursive) discover
[0.187s] INFO:colcon.colcon_core.package_discovery:Crawling recursively for packages in '/home/zjkj/unitreeGO2_ws/src/base'
[0.188s] Level 1:colcon.colcon_core.package_identification:_identify(.) by extensions ['ignore', 'ignore_ament_install']
[0.188s] Level 1:colcon.colcon_core.package_identification:_identify(.) by extension 'ignore'
[0.188s] Level 1:colcon.colcon_core.package_identification:_identify(.) by extension 'ignore_ament_install'
[0.188s] Level 1:colcon.colcon_core.package_identification:_identify(.) by extensions ['colcon_pkg']
[0.188s] Level 1:colcon.colcon_core.package_identification:_identify(.) by extension 'colcon_pkg'
[0.188s] Level 1:colcon.colcon_core.package_identification:_identify(.) by extensions ['colcon_meta']
[0.188s] Level 1:colcon.colcon_core.package_identification:_identify(.) by extension 'colcon_meta'
[0.188s] Level 1:colcon.colcon_core.package_identification:_identify(.) by extensions ['ros']
[0.188s] Level 1:colcon.colcon_core.package_identification:_identify(.) by extension 'ros'
[0.194s] Level 1:colcon.colcon_core.package_identification:_identify(.) by extensions ['cmake', 'python']
[0.194s] Level 1:colcon.colcon_core.package_identification:_identify(.) by extension 'cmake'
[0.194s] Level 1:colcon.colcon_core.package_identification:_identify(.) by extension 'python'
[0.195s] Level 1:colcon.colcon_core.package_identification:_identify(.) by extensions ['python_setup_py']
[0.195s] Level 1:colcon.colcon_core.package_identification:_identify(.) by extension 'python_setup_py'
[0.195s] Level 1:colcon.colcon_core.package_identification:_identify(build) by extensions ['ignore', 'ignore_ament_install']
[0.195s] Level 1:colcon.colcon_core.package_identification:_identify(build) by extension 'ignore'
[0.195s] Level 1:colcon.colcon_core.package_identification:_identify(build) ignored
[0.195s] Level 1:colcon.colcon_core.package_identification:_identify(go2_description) by extensions ['ignore', 'ignore_ament_install']
[0.195s] Level 1:colcon.colcon_core.package_identification:_identify(go2_description) by extension 'ignore'
[0.195s] Level 1:colcon.colcon_core.package_identification:_identify(go2_description) by extension 'ignore_ament_install'
[0.195s] Level 1:colcon.colcon_core.package_identification:_identify(go2_description) by extensions ['colcon_pkg']
[0.195s] Level 1:colcon.colcon_core.package_identification:_identify(go2_description) by extension 'colcon_pkg'
[0.195s] Level 1:colcon.colcon_core.package_identification:_identify(go2_description) by extensions ['colcon_meta']
[0.195s] Level 1:colcon.colcon_core.package_identification:_identify(go2_description) by extension 'colcon_meta'
[0.195s] Level 1:colcon.colcon_core.package_identification:_identify(go2_description) by extensions ['ros']
[0.195s] Level 1:colcon.colcon_core.package_identification:_identify(go2_description) by extension 'ros'
[0.196s] DEBUG:colcon.colcon_core.package_identification:Package 'go2_description' with type 'ros.ament_cmake' and name 'go2_description'
[0.196s] Level 1:colcon.colcon_core.package_identification:_identify(go2_driver) by extensions ['ignore', 'ignore_ament_install']
[0.197s] Level 1:colcon.colcon_core.package_identification:_identify(go2_driver) by extension 'ignore'
[0.197s] Level 1:colcon.colcon_core.package_identification:_identify(go2_driver) by extension 'ignore_ament_install'
[0.197s] Level 1:colcon.colcon_core.package_identification:_identify(go2_driver) by extensions ['colcon_pkg']
[0.197s] Level 1:colcon.colcon_core.package_identification:_identify(go2_driver) by extension 'colcon_pkg'
[0.197s] Level 1:colcon.colcon_core.package_identification:_identify(go2_driver) by extensions ['colcon_meta']
[0.197s] Level 1:colcon.colcon_core.package_identification:_identify(go2_driver) by extension 'colcon_meta'
[0.197s] Level 1:colcon.colcon_core.package_identification:_identify(go2_driver) by extensions ['ros']
[0.197s] Level 1:colcon.colcon_core.package_identification:_identify(go2_driver) by extension 'ros'
[0.197s] DEBUG:colcon.colcon_core.package_identification:Package 'go2_driver' with type 'ros.ament_cmake' and name 'go2_driver'
[0.197s] Level 1:colcon.colcon_core.package_identification:_identify(go2_driver_py) by extensions ['ignore', 'ignore_ament_install']
[0.197s] Level 1:colcon.colcon_core.package_identification:_identify(go2_driver_py) by extension 'ignore'
[0.197s] Level 1:colcon.colcon_core.package_identification:_identify(go2_driver_py) by extension 'ignore_ament_install'
[0.197s] Level 1:colcon.colcon_core.package_identification:_identify(go2_driver_py) by extensions ['colcon_pkg']
[0.197s] Level 1:colcon.colcon_core.package_identification:_identify(go2_driver_py) by extension 'colcon_pkg'
[0.197s] Level 1:colcon.colcon_core.package_identification:_identify(go2_driver_py) by extensions ['colcon_meta']
[0.197s] Level 1:colcon.colcon_core.package_identification:_identify(go2_driver_py) by extension 'colcon_meta'
[0.197s] Level 1:colcon.colcon_core.package_identification:_identify(go2_driver_py) by extensions ['ros']
[0.197s] Level 1:colcon.colcon_core.package_identification:_identify(go2_driver_py) by extension 'ros'
[0.198s] DEBUG:colcon.colcon_core.package_identification:Package 'go2_driver_py' with type 'ros.ament_cmake' and name 'go2_driver_py'
[0.198s] Level 1:colcon.colcon_core.package_identification:_identify(go2_teleop_ctrl_keyboard) by extensions ['ignore', 'ignore_ament_install']
[0.198s] Level 1:colcon.colcon_core.package_identification:_identify(go2_teleop_ctrl_keyboard) by extension 'ignore'
[0.198s] Level 1:colcon.colcon_core.package_identification:_identify(go2_teleop_ctrl_keyboard) by extension 'ignore_ament_install'
[0.198s] Level 1:colcon.colcon_core.package_identification:_identify(go2_teleop_ctrl_keyboard) by extensions ['colcon_pkg']
[0.198s] Level 1:colcon.colcon_core.package_identification:_identify(go2_teleop_ctrl_keyboard) by extension 'colcon_pkg'
[0.198s] Level 1:colcon.colcon_core.package_identification:_identify(go2_teleop_ctrl_keyboard) by extensions ['colcon_meta']
[0.198s] Level 1:colcon.colcon_core.package_identification:_identify(go2_teleop_ctrl_keyboard) by extension 'colcon_meta'
[0.198s] Level 1:colcon.colcon_core.package_identification:_identify(go2_teleop_ctrl_keyboard) by extensions ['ros']
[0.198s] Level 1:colcon.colcon_core.package_identification:_identify(go2_teleop_ctrl_keyboard) by extension 'ros'
[0.198s] DEBUG:colcon.colcon_core.package_identification:Package 'go2_teleop_ctrl_keyboard' with type 'ros.ament_python' and name 'go2_teleop_ctrl_keyboard'
[0.199s] Level 1:colcon.colcon_core.package_identification:_identify(go2_twist_brideg_py) by extensions ['ignore', 'ignore_ament_install']
[0.199s] Level 1:colcon.colcon_core.package_identification:_identify(go2_twist_brideg_py) by extension 'ignore'
[0.199s] Level 1:colcon.colcon_core.package_identification:_identify(go2_twist_brideg_py) by extension 'ignore_ament_install'
[0.199s] Level 1:colcon.colcon_core.package_identification:_identify(go2_twist_brideg_py) by extensions ['colcon_pkg']
[0.199s] Level 1:colcon.colcon_core.package_identification:_identify(go2_twist_brideg_py) by extension 'colcon_pkg'
[0.199s] Level 1:colcon.colcon_core.package_identification:_identify(go2_twist_brideg_py) by extensions ['colcon_meta']
[0.199s] Level 1:colcon.colcon_core.package_identification:_identify(go2_twist_brideg_py) by extension 'colcon_meta'
[0.199s] Level 1:colcon.colcon_core.package_identification:_identify(go2_twist_brideg_py) by extensions ['ros']
[0.199s] Level 1:colcon.colcon_core.package_identification:_identify(go2_twist_brideg_py) by extension 'ros'
[0.199s] DEBUG:colcon.colcon_core.package_identification:Package 'go2_twist_brideg_py' with type 'ros.ament_python' and name 'go2_twist_brideg_py'
[0.199s] Level 1:colcon.colcon_core.package_identification:_identify(go2_twist_bridge) by extensions ['ignore', 'ignore_ament_install']
[0.199s] Level 1:colcon.colcon_core.package_identification:_identify(go2_twist_bridge) by extension 'ignore'
[0.199s] Level 1:colcon.colcon_core.package_identification:_identify(go2_twist_bridge) by extension 'ignore_ament_install'
[0.199s] Level 1:colcon.colcon_core.package_identification:_identify(go2_twist_bridge) by extensions ['colcon_pkg']
[0.199s] Level 1:colcon.colcon_core.package_identification:_identify(go2_twist_bridge) by extension 'colcon_pkg'
[0.199s] Level 1:colcon.colcon_core.package_identification:_identify(go2_twist_bridge) by extensions ['colcon_meta']
[0.199s] Level 1:colcon.colcon_core.package_identification:_identify(go2_twist_bridge) by extension 'colcon_meta'
[0.199s] Level 1:colcon.colcon_core.package_identification:_identify(go2_twist_bridge) by extensions ['ros']
[0.199s] Level 1:colcon.colcon_core.package_identification:_identify(go2_twist_bridge) by extension 'ros'
[0.200s] DEBUG:colcon.colcon_core.package_identification:Package 'go2_twist_bridge' with type 'ros.ament_cmake' and name 'go2_twist_bridge'
[0.200s] Level 1:colcon.colcon_core.package_identification:_identify(install) by extensions ['ignore', 'ignore_ament_install']
[0.200s] Level 1:colcon.colcon_core.package_identification:_identify(install) by extension 'ignore'
[0.200s] Level 1:colcon.colcon_core.package_identification:_identify(install) ignored
[0.200s] Level 1:colcon.colcon_core.package_identification:_identify(log) by extensions ['ignore', 'ignore_ament_install']
[0.200s] Level 1:colcon.colcon_core.package_identification:_identify(log) by extension 'ignore'
[0.200s] Level 1:colcon.colcon_core.package_identification:_identify(log) ignored
[0.200s] Level 1:colcon.colcon_core.package_discovery:discover_packages(recursive) using defaults
[0.200s] Level 1:colcon.colcon_core.package_discovery:discover_packages(ignore) discover
[0.200s] Level 1:colcon.colcon_core.package_discovery:discover_packages(ignore) using defaults
[0.200s] Level 1:colcon.colcon_core.package_discovery:discover_packages(path) discover
[0.200s] Level 1:colcon.colcon_core.package_discovery:discover_packages(path) using defaults
[0.209s] INFO:colcon.colcon_core.package_selection:Skipping not selected package 'go2_description' in 'go2_description'
[0.210s] INFO:colcon.colcon_core.package_selection:Skipping not selected package 'go2_driver' in 'go2_driver'
[0.210s] INFO:colcon.colcon_core.package_selection:Skipping not selected package 'go2_driver_py' in 'go2_driver_py'
[0.210s] INFO:colcon.colcon_core.package_selection:Skipping not selected package 'go2_teleop_ctrl_keyboard' in 'go2_teleop_ctrl_keyboard'
[0.210s] INFO:colcon.colcon_core.package_selection:Skipping not selected package 'go2_twist_bridge' in 'go2_twist_bridge'
[0.210s] Level 1:colcon.colcon_core.package_discovery:discover_packages(prefix_path) check parameters
[0.210s] Level 1:colcon.colcon_core.package_discovery:discover_packages(prefix_path) discover
[0.211s] DEBUG:colcon.colcon_installed_package_information.package_discovery:Found 5 installed packages in /home/zjkj/unitree_ros2/cyclonedds_ws/install
[0.211s] DEBUG:colcon.colcon_installed_package_information.package_discovery:Found 261 installed packages in /opt/ros/foxy
[0.219s] Level 1:colcon.colcon_core.package_discovery:discover_packages(prefix_path) using defaults
[0.247s] Level 5:colcon.colcon_core.verb:set package 'go2_twist_brideg_py' build argument 'cmake_args' from command line to 'None'
[0.247s] Level 5:colcon.colcon_core.verb:set package 'go2_twist_brideg_py' build argument 'cmake_target' from command line to 'None'
[0.247s] Level 5:colcon.colcon_core.verb:set package 'go2_twist_brideg_py' build argument 'cmake_target_skip_unavailable' from command line to 'False'
[0.247s] Level 5:colcon.colcon_core.verb:set package 'go2_twist_brideg_py' build argument 'cmake_clean_cache' from command line to 'False'
[0.247s] Level 5:colcon.colcon_core.verb:set package 'go2_twist_brideg_py' build argument 'cmake_clean_first' from command line to 'False'
[0.247s] Level 5:colcon.colcon_core.verb:set package 'go2_twist_brideg_py' build argument 'cmake_force_configure' from command line to 'False'
[0.247s] Level 5:colcon.colcon_core.verb:set package 'go2_twist_brideg_py' build argument 'ament_cmake_args' from command line to 'None'
[0.247s] Level 5:colcon.colcon_core.verb:set package 'go2_twist_brideg_py' build argument 'catkin_cmake_args' from command line to 'None'
[0.247s] Level 5:colcon.colcon_core.verb:set package 'go2_twist_brideg_py' build argument 'catkin_skip_building_tests' from command line to 'False'
[0.247s] DEBUG:colcon.colcon_core.verb:Building package 'go2_twist_brideg_py' with the following arguments: {'ament_cmake_args': None, 'build_base': '/home/zjkj/unitreeGO2_ws/src/base/build/go2_twist_brideg_py', 'catkin_cmake_args': None, 'catkin_skip_building_tests': False, 'cmake_args': None, 'cmake_clean_cache': False, 'cmake_clean_first': False, 'cmake_force_configure': False, 'cmake_target': None, 'cmake_target_skip_unavailable': False, 'install_base': '/home/zjkj/unitreeGO2_ws/src/base/install/go2_twist_brideg_py', 'merge_install': False, 'path': '/home/zjkj/unitreeGO2_ws/src/base/go2_twist_brideg_py', 'symlink_install': False, 'test_result_base': None}
[0.247s] INFO:colcon.colcon_core.executor:Executing jobs using 'parallel' executor
[0.248s] DEBUG:colcon.colcon_parallel_executor.executor.parallel:run_until_complete
[0.248s] INFO:colcon.colcon_ros.task.ament_python.build:Building ROS package in '/home/zjkj/unitreeGO2_ws/src/base/go2_twist_brideg_py' with build type 'ament_python'
[0.248s] Level 1:colcon.colcon_core.shell:create_environment_hook('go2_twist_brideg_py', 'ament_prefix_path')
[0.249s] INFO:colcon.colcon_core.plugin_system:Skipping extension 'colcon_core.shell.bat': Not used on non-Windows systems
[0.249s] INFO:colcon.colcon_core.shell:Creating environment hook '/home/zjkj/unitreeGO2_ws/src/base/install/go2_twist_brideg_py/share/go2_twist_brideg_py/hook/ament_prefix_path.ps1'
[0.250s] INFO:colcon.colcon_core.shell:Creating environment descriptor '/home/zjkj/unitreeGO2_ws/src/base/install/go2_twist_brideg_py/share/go2_twist_brideg_py/hook/ament_prefix_path.dsv'
[0.250s] INFO:colcon.colcon_core.shell:Creating environment hook '/home/zjkj/unitreeGO2_ws/src/base/install/go2_twist_brideg_py/share/go2_twist_brideg_py/hook/ament_prefix_path.sh'
[0.251s] INFO:colcon.colcon_core.shell:Skip shell extension 'powershell' for command environment: Not usable outside of PowerShell
[0.251s] DEBUG:colcon.colcon_core.shell:Skip shell extension 'dsv' for command environment
[0.385s] INFO:colcon.colcon_core.task.python.build:Building Python package in '/home/zjkj/unitreeGO2_ws/src/base/go2_twist_brideg_py'
[0.385s] INFO:colcon.colcon_core.shell:Skip shell extension 'powershell' for command environment: Not usable outside of PowerShell
[0.385s] DEBUG:colcon.colcon_core.shell:Skip shell extension 'dsv' for command environment
[0.646s] DEBUG:colcon.colcon_core.event_handler.log_command:Invoking command in '/home/zjkj/unitreeGO2_ws/src/base/go2_twist_brideg_py': PYTHONPATH=/home/zjkj/unitreeGO2_ws/src/base/build/go2_twist_brideg_py/prefix_override:/usr/lib/python3/dist-packages/colcon_core/task/python/colcon_distutils_commands:/home/zjkj/unitreeGO2_ws/src/base/install/go2_twist_brideg_py/lib/python3.8/site-packages:${PYTHONPATH} /usr/bin/python3 -W ignore:setup.py install is deprecated -W ignore:easy_install command is deprecated setup.py egg_info --egg-base ../build/go2_twist_brideg_py build --build-base /home/zjkj/unitreeGO2_ws/src/base/build/go2_twist_brideg_py/build install --record /home/zjkj/unitreeGO2_ws/src/base/build/go2_twist_brideg_py/install.log --install-scripts $base/lib/go2_twist_brideg_py --single-version-externally-managed install_data
[0.830s] DEBUG:colcon.colcon_core.event_handler.log_command:Invoked command in '/home/zjkj/unitreeGO2_ws/src/base/go2_twist_brideg_py' returned '0': PYTHONPATH=/home/zjkj/unitreeGO2_ws/src/base/build/go2_twist_brideg_py/prefix_override:/usr/lib/python3/dist-packages/colcon_core/task/python/colcon_distutils_commands:/home/zjkj/unitreeGO2_ws/src/base/install/go2_twist_brideg_py/lib/python3.8/site-packages:${PYTHONPATH} /usr/bin/python3 -W ignore:setup.py install is deprecated -W ignore:easy_install command is deprecated setup.py egg_info --egg-base ../build/go2_twist_brideg_py build --build-base /home/zjkj/unitreeGO2_ws/src/base/build/go2_twist_brideg_py/build install --record /home/zjkj/unitreeGO2_ws/src/base/build/go2_twist_brideg_py/install.log --install-scripts $base/lib/go2_twist_brideg_py --single-version-externally-managed install_data
[0.831s] Level 1:colcon.colcon_core.environment:checking '/home/zjkj/unitreeGO2_ws/src/base/install/go2_twist_brideg_py' for CMake module files
[0.831s] Level 1:colcon.colcon_core.environment:checking '/home/zjkj/unitreeGO2_ws/src/base/install/go2_twist_brideg_py' for CMake config files
[0.832s] Level 1:colcon.colcon_core.environment:checking '/home/zjkj/unitreeGO2_ws/src/base/install/go2_twist_brideg_py/lib'
[0.832s] Level 1:colcon.colcon_core.environment:checking '/home/zjkj/unitreeGO2_ws/src/base/install/go2_twist_brideg_py/bin'
[0.832s] Level 1:colcon.colcon_core.environment:checking '/home/zjkj/unitreeGO2_ws/src/base/install/go2_twist_brideg_py/lib/pkgconfig/go2_twist_brideg_py.pc'
[0.832s] Level 1:colcon.colcon_core.environment:checking '/home/zjkj/unitreeGO2_ws/src/base/install/go2_twist_brideg_py/lib/python3.8/site-packages'
[0.832s] Level 1:colcon.colcon_core.shell:create_environment_hook('go2_twist_brideg_py', 'pythonpath')
[0.832s] INFO:colcon.colcon_core.shell:Creating environment hook '/home/zjkj/unitreeGO2_ws/src/base/install/go2_twist_brideg_py/share/go2_twist_brideg_py/hook/pythonpath.ps1'
[0.833s] INFO:colcon.colcon_core.shell:Creating environment descriptor '/home/zjkj/unitreeGO2_ws/src/base/install/go2_twist_brideg_py/share/go2_twist_brideg_py/hook/pythonpath.dsv'
[0.833s] INFO:colcon.colcon_core.shell:Creating environment hook '/home/zjkj/unitreeGO2_ws/src/base/install/go2_twist_brideg_py/share/go2_twist_brideg_py/hook/pythonpath.sh'
[0.834s] Level 1:colcon.colcon_core.environment:checking '/home/zjkj/unitreeGO2_ws/src/base/install/go2_twist_brideg_py/bin'
[0.834s] Level 1:colcon.colcon_core.environment:create_environment_scripts_only(go2_twist_brideg_py)
[0.834s] INFO:colcon.colcon_core.shell:Creating package script '/home/zjkj/unitreeGO2_ws/src/base/install/go2_twist_brideg_py/share/go2_twist_brideg_py/package.ps1'
[0.834s] INFO:colcon.colcon_core.shell:Creating package descriptor '/home/zjkj/unitreeGO2_ws/src/base/install/go2_twist_brideg_py/share/go2_twist_brideg_py/package.dsv'
[0.835s] INFO:colcon.colcon_core.shell:Creating package script '/home/zjkj/unitreeGO2_ws/src/base/install/go2_twist_brideg_py/share/go2_twist_brideg_py/package.sh'
[0.835s] INFO:colcon.colcon_core.shell:Creating package script '/home/zjkj/unitreeGO2_ws/src/base/install/go2_twist_brideg_py/share/go2_twist_brideg_py/package.bash'
[0.836s] INFO:colcon.colcon_core.shell:Creating package script '/home/zjkj/unitreeGO2_ws/src/base/install/go2_twist_brideg_py/share/go2_twist_brideg_py/package.zsh'
[0.836s] Level 1:colcon.colcon_core.environment:create_file_with_runtime_dependencies(/home/zjkj/unitreeGO2_ws/src/base/install/go2_twist_brideg_py/share/colcon-core/packages/go2_twist_brideg_py)
[0.836s] DEBUG:colcon.colcon_parallel_executor.executor.parallel:closing loop
[0.836s] DEBUG:colcon.colcon_parallel_executor.executor.parallel:loop closed
[0.837s] DEBUG:colcon.colcon_parallel_executor.executor.parallel:run_until_complete finished with '0'
[0.837s] DEBUG:colcon.colcon_core.event_reactor:joining thread
[0.842s] INFO:colcon.colcon_core.plugin_system:Skipping extension 'colcon_notification.desktop_notification.terminal_notifier': Not used on non-Darwin systems
[0.842s] INFO:colcon.colcon_core.plugin_system:Skipping extension 'colcon_notification.desktop_notification.win32': Not used on non-Windows systems
[0.842s] INFO:colcon.colcon_notification.desktop_notification:Sending desktop notification using 'notify2'
[0.855s] DEBUG:colcon.colcon_core.event_reactor:joined thread
[0.856s] INFO:colcon.colcon_core.shell:Creating prefix script '/home/zjkj/unitreeGO2_ws/src/base/install/local_setup.ps1'
[0.857s] INFO:colcon.colcon_core.shell:Creating prefix util module '/home/zjkj/unitreeGO2_ws/src/base/install/_local_setup_util_ps1.py'
[0.857s] INFO:colcon.colcon_core.shell:Creating prefix chain script '/home/zjkj/unitreeGO2_ws/src/base/install/setup.ps1'
[0.859s] INFO:colcon.colcon_core.shell:Creating prefix script '/home/zjkj/unitreeGO2_ws/src/base/install/local_setup.sh'
[0.859s] INFO:colcon.colcon_core.shell:Creating prefix util module '/home/zjkj/unitreeGO2_ws/src/base/install/_local_setup_util_sh.py'
[0.860s] INFO:colcon.colcon_core.shell:Creating prefix chain script '/home/zjkj/unitreeGO2_ws/src/base/install/setup.sh'
[0.861s] INFO:colcon.colcon_core.shell:Creating prefix script '/home/zjkj/unitreeGO2_ws/src/base/install/local_setup.bash'
[0.861s] INFO:colcon.colcon_core.shell:Creating prefix chain script '/home/zjkj/unitreeGO2_ws/src/base/install/setup.bash'
[0.862s] INFO:colcon.colcon_core.shell:Creating prefix script '/home/zjkj/unitreeGO2_ws/src/base/install/local_setup.zsh'
[0.862s] INFO:colcon.colcon_core.shell:Creating prefix chain script '/home/zjkj/unitreeGO2_ws/src/base/install/setup.zsh'
