[0.120s] DEBUG:colcon:Command line arguments: ['/usr/bin/colcon', 'list', '-p', '--base-paths', '/home/zjkj/unitreeGO2_ws']
[0.120s] DEBUG:colcon:Parsed command line arguments: Namespace(allow_overriding=[], base_paths=['/home/zjkj/unitreeGO2_ws'], build_base='build', ignore_user_meta=False, log_base=None, log_level=None, main=<bound method ListVerb.main of <colcon_package_information.verb.list.ListVerb object at 0x7f3ac1f290d0>>, metas=['./colcon.meta'], names_only=False, packages_above=None, packages_above_and_dependencies=None, packages_above_depth=None, packages_end=None, packages_ignore=None, packages_ignore_regex=None, packages_select=None, packages_select_build_failed=False, packages_select_by_dep=None, packages_select_regex=None, packages_select_test_failures=False, packages_skip=None, packages_skip_build_finished=False, packages_skip_by_dep=None, packages_skip_regex=None, packages_skip_test_passed=False, packages_skip_up_to=None, packages_start=None, packages_up_to=None, packages_up_to_regex=None, paths=None, paths_only=True, topological_graph=False, topological_graph_density=False, topological_graph_dot=False, topological_graph_dot_cluster=False, topological_graph_dot_include_skipped=False, topological_graph_legend=False, topological_order=False, verb_extension=<colcon_package_information.verb.list.ListVerb object at 0x7f3ac1f290d0>, verb_name='list', verb_parser=<colcon_defaults.argument_parser.defaults.DefaultArgumentsDecorator object at 0x7f3ac1f29f70>)
[0.211s] Level 1:colcon.colcon_core.package_discovery:discover_packages(colcon_meta) check parameters
[0.211s] Level 1:colcon.colcon_core.package_discovery:discover_packages(recursive) check parameters
[0.211s] Level 1:colcon.colcon_core.package_discovery:discover_packages(ignore) check parameters
[0.211s] Level 1:colcon.colcon_core.package_discovery:discover_packages(path) check parameters
[0.211s] Level 1:colcon.colcon_core.package_discovery:discover_packages(recursive) discover
[0.211s] INFO:colcon.colcon_core.package_discovery:Crawling recursively for packages in '/home/zjkj/unitreeGO2_ws'
[0.211s] Level 1:colcon.colcon_core.package_identification:_identify(/home/zjkj/unitreeGO2_ws) by extensions ['ignore', 'ignore_ament_install']
[0.211s] Level 1:colcon.colcon_core.package_identification:_identify(/home/zjkj/unitreeGO2_ws) by extension 'ignore'
[0.211s] Level 1:colcon.colcon_core.package_identification:_identify(/home/zjkj/unitreeGO2_ws) by extension 'ignore_ament_install'
[0.211s] Level 1:colcon.colcon_core.package_identification:_identify(/home/zjkj/unitreeGO2_ws) by extensions ['colcon_pkg']
[0.211s] Level 1:colcon.colcon_core.package_identification:_identify(/home/zjkj/unitreeGO2_ws) by extension 'colcon_pkg'
[0.211s] Level 1:colcon.colcon_core.package_identification:_identify(/home/zjkj/unitreeGO2_ws) by extensions ['colcon_meta']
[0.211s] Level 1:colcon.colcon_core.package_identification:_identify(/home/zjkj/unitreeGO2_ws) by extension 'colcon_meta'
[0.211s] Level 1:colcon.colcon_core.package_identification:_identify(/home/zjkj/unitreeGO2_ws) by extensions ['ros']
[0.211s] Level 1:colcon.colcon_core.package_identification:_identify(/home/zjkj/unitreeGO2_ws) by extension 'ros'
[0.219s] Level 1:colcon.colcon_core.package_identification:_identify(/home/zjkj/unitreeGO2_ws) by extensions ['cmake', 'python']
[0.219s] Level 1:colcon.colcon_core.package_identification:_identify(/home/zjkj/unitreeGO2_ws) by extension 'cmake'
[0.219s] Level 1:colcon.colcon_core.package_identification:_identify(/home/zjkj/unitreeGO2_ws) by extension 'python'
[0.219s] Level 1:colcon.colcon_core.package_identification:_identify(/home/zjkj/unitreeGO2_ws) by extensions ['python_setup_py']
[0.219s] Level 1:colcon.colcon_core.package_identification:_identify(/home/zjkj/unitreeGO2_ws) by extension 'python_setup_py'
[0.219s] Level 1:colcon.colcon_core.package_identification:_identify(/home/zjkj/unitreeGO2_ws/build) by extensions ['ignore', 'ignore_ament_install']
[0.219s] Level 1:colcon.colcon_core.package_identification:_identify(/home/zjkj/unitreeGO2_ws/build) by extension 'ignore'
[0.219s] Level 1:colcon.colcon_core.package_identification:_identify(/home/zjkj/unitreeGO2_ws/build) ignored
[0.219s] Level 1:colcon.colcon_core.package_identification:_identify(/home/zjkj/unitreeGO2_ws/install) by extensions ['ignore', 'ignore_ament_install']
[0.219s] Level 1:colcon.colcon_core.package_identification:_identify(/home/zjkj/unitreeGO2_ws/install) by extension 'ignore'
[0.219s] Level 1:colcon.colcon_core.package_identification:_identify(/home/zjkj/unitreeGO2_ws/install) ignored
[0.219s] Level 1:colcon.colcon_core.package_identification:_identify(/home/zjkj/unitreeGO2_ws/log) by extensions ['ignore', 'ignore_ament_install']
[0.219s] Level 1:colcon.colcon_core.package_identification:_identify(/home/zjkj/unitreeGO2_ws/log) by extension 'ignore'
[0.219s] Level 1:colcon.colcon_core.package_identification:_identify(/home/zjkj/unitreeGO2_ws/log) ignored
[0.220s] Level 1:colcon.colcon_core.package_identification:_identify(/home/zjkj/unitreeGO2_ws/src) by extensions ['ignore', 'ignore_ament_install']
[0.220s] Level 1:colcon.colcon_core.package_identification:_identify(/home/zjkj/unitreeGO2_ws/src) by extension 'ignore'
[0.220s] Level 1:colcon.colcon_core.package_identification:_identify(/home/zjkj/unitreeGO2_ws/src) by extension 'ignore_ament_install'
[0.220s] Level 1:colcon.colcon_core.package_identification:_identify(/home/zjkj/unitreeGO2_ws/src) by extensions ['colcon_pkg']
[0.220s] Level 1:colcon.colcon_core.package_identification:_identify(/home/zjkj/unitreeGO2_ws/src) by extension 'colcon_pkg'
[0.220s] Level 1:colcon.colcon_core.package_identification:_identify(/home/zjkj/unitreeGO2_ws/src) by extensions ['colcon_meta']
[0.220s] Level 1:colcon.colcon_core.package_identification:_identify(/home/zjkj/unitreeGO2_ws/src) by extension 'colcon_meta'
[0.220s] Level 1:colcon.colcon_core.package_identification:_identify(/home/zjkj/unitreeGO2_ws/src) by extensions ['ros']
[0.220s] Level 1:colcon.colcon_core.package_identification:_identify(/home/zjkj/unitreeGO2_ws/src) by extension 'ros'
[0.220s] Level 1:colcon.colcon_core.package_identification:_identify(/home/zjkj/unitreeGO2_ws/src) by extensions ['cmake', 'python']
[0.220s] Level 1:colcon.colcon_core.package_identification:_identify(/home/zjkj/unitreeGO2_ws/src) by extension 'cmake'
[0.220s] Level 1:colcon.colcon_core.package_identification:_identify(/home/zjkj/unitreeGO2_ws/src) by extension 'python'
[0.220s] Level 1:colcon.colcon_core.package_identification:_identify(/home/zjkj/unitreeGO2_ws/src) by extensions ['python_setup_py']
[0.220s] Level 1:colcon.colcon_core.package_identification:_identify(/home/zjkj/unitreeGO2_ws/src) by extension 'python_setup_py'
[0.220s] Level 1:colcon.colcon_core.package_identification:_identify(/home/zjkj/unitreeGO2_ws/src/base) by extensions ['ignore', 'ignore_ament_install']
[0.220s] Level 1:colcon.colcon_core.package_identification:_identify(/home/zjkj/unitreeGO2_ws/src/base) by extension 'ignore'
[0.220s] Level 1:colcon.colcon_core.package_identification:_identify(/home/zjkj/unitreeGO2_ws/src/base) by extension 'ignore_ament_install'
[0.220s] Level 1:colcon.colcon_core.package_identification:_identify(/home/zjkj/unitreeGO2_ws/src/base) by extensions ['colcon_pkg']
[0.220s] Level 1:colcon.colcon_core.package_identification:_identify(/home/zjkj/unitreeGO2_ws/src/base) by extension 'colcon_pkg'
[0.220s] Level 1:colcon.colcon_core.package_identification:_identify(/home/zjkj/unitreeGO2_ws/src/base) by extensions ['colcon_meta']
[0.220s] Level 1:colcon.colcon_core.package_identification:_identify(/home/zjkj/unitreeGO2_ws/src/base) by extension 'colcon_meta'
[0.220s] Level 1:colcon.colcon_core.package_identification:_identify(/home/zjkj/unitreeGO2_ws/src/base) by extensions ['ros']
[0.220s] Level 1:colcon.colcon_core.package_identification:_identify(/home/zjkj/unitreeGO2_ws/src/base) by extension 'ros'
[0.220s] Level 1:colcon.colcon_core.package_identification:_identify(/home/zjkj/unitreeGO2_ws/src/base) by extensions ['cmake', 'python']
[0.220s] Level 1:colcon.colcon_core.package_identification:_identify(/home/zjkj/unitreeGO2_ws/src/base) by extension 'cmake'
[0.220s] Level 1:colcon.colcon_core.package_identification:_identify(/home/zjkj/unitreeGO2_ws/src/base) by extension 'python'
[0.220s] Level 1:colcon.colcon_core.package_identification:_identify(/home/zjkj/unitreeGO2_ws/src/base) by extensions ['python_setup_py']
[0.220s] Level 1:colcon.colcon_core.package_identification:_identify(/home/zjkj/unitreeGO2_ws/src/base) by extension 'python_setup_py'
[0.220s] Level 1:colcon.colcon_core.package_identification:_identify(/home/zjkj/unitreeGO2_ws/src/base/go2_description) by extensions ['ignore', 'ignore_ament_install']
[0.220s] Level 1:colcon.colcon_core.package_identification:_identify(/home/zjkj/unitreeGO2_ws/src/base/go2_description) by extension 'ignore'
[0.220s] Level 1:colcon.colcon_core.package_identification:_identify(/home/zjkj/unitreeGO2_ws/src/base/go2_description) by extension 'ignore_ament_install'
[0.220s] Level 1:colcon.colcon_core.package_identification:_identify(/home/zjkj/unitreeGO2_ws/src/base/go2_description) by extensions ['colcon_pkg']
[0.220s] Level 1:colcon.colcon_core.package_identification:_identify(/home/zjkj/unitreeGO2_ws/src/base/go2_description) by extension 'colcon_pkg'
[0.220s] Level 1:colcon.colcon_core.package_identification:_identify(/home/zjkj/unitreeGO2_ws/src/base/go2_description) by extensions ['colcon_meta']
[0.220s] Level 1:colcon.colcon_core.package_identification:_identify(/home/zjkj/unitreeGO2_ws/src/base/go2_description) by extension 'colcon_meta'
[0.220s] Level 1:colcon.colcon_core.package_identification:_identify(/home/zjkj/unitreeGO2_ws/src/base/go2_description) by extensions ['ros']
[0.220s] Level 1:colcon.colcon_core.package_identification:_identify(/home/zjkj/unitreeGO2_ws/src/base/go2_description) by extension 'ros'
[0.222s] DEBUG:colcon.colcon_core.package_identification:Package '/home/zjkj/unitreeGO2_ws/src/base/go2_description' with type 'ros.ament_cmake' and name 'go2_description'
[0.222s] Level 1:colcon.colcon_core.package_identification:_identify(/home/zjkj/unitreeGO2_ws/src/base/go2_teleop_ctrl_keyboard) by extensions ['ignore', 'ignore_ament_install']
[0.222s] Level 1:colcon.colcon_core.package_identification:_identify(/home/zjkj/unitreeGO2_ws/src/base/go2_teleop_ctrl_keyboard) by extension 'ignore'
[0.222s] Level 1:colcon.colcon_core.package_identification:_identify(/home/zjkj/unitreeGO2_ws/src/base/go2_teleop_ctrl_keyboard) by extension 'ignore_ament_install'
[0.222s] Level 1:colcon.colcon_core.package_identification:_identify(/home/zjkj/unitreeGO2_ws/src/base/go2_teleop_ctrl_keyboard) by extensions ['colcon_pkg']
[0.222s] Level 1:colcon.colcon_core.package_identification:_identify(/home/zjkj/unitreeGO2_ws/src/base/go2_teleop_ctrl_keyboard) by extension 'colcon_pkg'
[0.222s] Level 1:colcon.colcon_core.package_identification:_identify(/home/zjkj/unitreeGO2_ws/src/base/go2_teleop_ctrl_keyboard) by extensions ['colcon_meta']
[0.222s] Level 1:colcon.colcon_core.package_identification:_identify(/home/zjkj/unitreeGO2_ws/src/base/go2_teleop_ctrl_keyboard) by extension 'colcon_meta'
[0.222s] Level 1:colcon.colcon_core.package_identification:_identify(/home/zjkj/unitreeGO2_ws/src/base/go2_teleop_ctrl_keyboard) by extensions ['ros']
[0.222s] Level 1:colcon.colcon_core.package_identification:_identify(/home/zjkj/unitreeGO2_ws/src/base/go2_teleop_ctrl_keyboard) by extension 'ros'
[0.223s] DEBUG:colcon.colcon_core.package_identification:Package '/home/zjkj/unitreeGO2_ws/src/base/go2_teleop_ctrl_keyboard' with type 'ros.ament_python' and name 'go2_teleop_ctrl_keyboard'
[0.223s] Level 1:colcon.colcon_core.package_identification:_identify(/home/zjkj/unitreeGO2_ws/src/base/go2_twist_bridge) by extensions ['ignore', 'ignore_ament_install']
[0.223s] Level 1:colcon.colcon_core.package_identification:_identify(/home/zjkj/unitreeGO2_ws/src/base/go2_twist_bridge) by extension 'ignore'
[0.223s] Level 1:colcon.colcon_core.package_identification:_identify(/home/zjkj/unitreeGO2_ws/src/base/go2_twist_bridge) by extension 'ignore_ament_install'
[0.223s] Level 1:colcon.colcon_core.package_identification:_identify(/home/zjkj/unitreeGO2_ws/src/base/go2_twist_bridge) by extensions ['colcon_pkg']
[0.223s] Level 1:colcon.colcon_core.package_identification:_identify(/home/zjkj/unitreeGO2_ws/src/base/go2_twist_bridge) by extension 'colcon_pkg'
[0.223s] Level 1:colcon.colcon_core.package_identification:_identify(/home/zjkj/unitreeGO2_ws/src/base/go2_twist_bridge) by extensions ['colcon_meta']
[0.223s] Level 1:colcon.colcon_core.package_identification:_identify(/home/zjkj/unitreeGO2_ws/src/base/go2_twist_bridge) by extension 'colcon_meta'
[0.223s] Level 1:colcon.colcon_core.package_identification:_identify(/home/zjkj/unitreeGO2_ws/src/base/go2_twist_bridge) by extensions ['ros']
[0.223s] Level 1:colcon.colcon_core.package_identification:_identify(/home/zjkj/unitreeGO2_ws/src/base/go2_twist_bridge) by extension 'ros'
[0.224s] DEBUG:colcon.colcon_core.package_identification:Package '/home/zjkj/unitreeGO2_ws/src/base/go2_twist_bridge' with type 'ros.ament_cmake' and name 'go2_twist_bridge'
[0.224s] Level 1:colcon.colcon_core.package_identification:_identify(/home/zjkj/unitreeGO2_ws/src/base/go2_twist_bridge_py) by extensions ['ignore', 'ignore_ament_install']
[0.224s] Level 1:colcon.colcon_core.package_identification:_identify(/home/zjkj/unitreeGO2_ws/src/base/go2_twist_bridge_py) by extension 'ignore'
[0.224s] Level 1:colcon.colcon_core.package_identification:_identify(/home/zjkj/unitreeGO2_ws/src/base/go2_twist_bridge_py) by extension 'ignore_ament_install'
[0.224s] Level 1:colcon.colcon_core.package_identification:_identify(/home/zjkj/unitreeGO2_ws/src/base/go2_twist_bridge_py) by extensions ['colcon_pkg']
[0.224s] Level 1:colcon.colcon_core.package_identification:_identify(/home/zjkj/unitreeGO2_ws/src/base/go2_twist_bridge_py) by extension 'colcon_pkg'
[0.224s] Level 1:colcon.colcon_core.package_identification:_identify(/home/zjkj/unitreeGO2_ws/src/base/go2_twist_bridge_py) by extensions ['colcon_meta']
[0.224s] Level 1:colcon.colcon_core.package_identification:_identify(/home/zjkj/unitreeGO2_ws/src/base/go2_twist_bridge_py) by extension 'colcon_meta'
[0.224s] Level 1:colcon.colcon_core.package_identification:_identify(/home/zjkj/unitreeGO2_ws/src/base/go2_twist_bridge_py) by extensions ['ros']
[0.224s] Level 1:colcon.colcon_core.package_identification:_identify(/home/zjkj/unitreeGO2_ws/src/base/go2_twist_bridge_py) by extension 'ros'
[0.224s] DEBUG:colcon.colcon_core.package_identification:Package '/home/zjkj/unitreeGO2_ws/src/base/go2_twist_bridge_py' with type 'ros.ament_cmake' and name 'go2_twist_bridge_py'
[0.224s] Level 1:colcon.colcon_core.package_identification:_identify(/home/zjkj/unitreeGO2_ws/src/turtial) by extensions ['ignore', 'ignore_ament_install']
[0.224s] Level 1:colcon.colcon_core.package_identification:_identify(/home/zjkj/unitreeGO2_ws/src/turtial) by extension 'ignore'
[0.224s] Level 1:colcon.colcon_core.package_identification:_identify(/home/zjkj/unitreeGO2_ws/src/turtial) by extension 'ignore_ament_install'
[0.224s] Level 1:colcon.colcon_core.package_identification:_identify(/home/zjkj/unitreeGO2_ws/src/turtial) by extensions ['colcon_pkg']
[0.224s] Level 1:colcon.colcon_core.package_identification:_identify(/home/zjkj/unitreeGO2_ws/src/turtial) by extension 'colcon_pkg'
[0.224s] Level 1:colcon.colcon_core.package_identification:_identify(/home/zjkj/unitreeGO2_ws/src/turtial) by extensions ['colcon_meta']
[0.224s] Level 1:colcon.colcon_core.package_identification:_identify(/home/zjkj/unitreeGO2_ws/src/turtial) by extension 'colcon_meta'
[0.224s] Level 1:colcon.colcon_core.package_identification:_identify(/home/zjkj/unitreeGO2_ws/src/turtial) by extensions ['ros']
[0.225s] Level 1:colcon.colcon_core.package_identification:_identify(/home/zjkj/unitreeGO2_ws/src/turtial) by extension 'ros'
[0.225s] Level 1:colcon.colcon_core.package_identification:_identify(/home/zjkj/unitreeGO2_ws/src/turtial) by extensions ['cmake', 'python']
[0.225s] Level 1:colcon.colcon_core.package_identification:_identify(/home/zjkj/unitreeGO2_ws/src/turtial) by extension 'cmake'
[0.225s] Level 1:colcon.colcon_core.package_identification:_identify(/home/zjkj/unitreeGO2_ws/src/turtial) by extension 'python'
[0.225s] Level 1:colcon.colcon_core.package_identification:_identify(/home/zjkj/unitreeGO2_ws/src/turtial) by extensions ['python_setup_py']
[0.225s] Level 1:colcon.colcon_core.package_identification:_identify(/home/zjkj/unitreeGO2_ws/src/turtial) by extension 'python_setup_py'
[0.225s] Level 1:colcon.colcon_core.package_discovery:discover_packages(recursive) using defaults
