[0.009s] Invoking command in '/home/zjkj/unitreeGO2_ws/build/go2_twist_bridge': CMAKE_PREFIX_PATH=${CMAKE_PREFIX_PATH}:/home/zjkj/unitreeGO2_ws/install/go2_teleop_ctrl_keyboard:/opt/ros/foxy /usr/bin/cmake --build /home/zjkj/unitreeGO2_ws/build/go2_twist_bridge -- -j16 -l16
[0.056s] [100%] Built target twist_bridge
[0.065s] Invoked command in '/home/zjkj/unitreeGO2_ws/build/go2_twist_bridge' returned '0': CMAKE_PREFIX_PATH=${CMAKE_PREFIX_PATH}:/home/zjkj/unitreeGO2_ws/install/go2_teleop_ctrl_keyboard:/opt/ros/foxy /usr/bin/cmake --build /home/zjkj/unitreeGO2_ws/build/go2_twist_bridge -- -j16 -l16
[0.075s] Invoking command in '/home/zjkj/unitreeGO2_ws/build/go2_twist_bridge': CMAKE_PREFIX_PATH=${CMAKE_PREFIX_PATH}:/home/zjkj/unitreeGO2_ws/install/go2_teleop_ctrl_keyboard:/opt/ros/foxy /usr/bin/cmake --install /home/zjkj/unitreeGO2_ws/build/go2_twist_bridge
[0.080s] -- Install configuration: ""
[0.080s] -- Up-to-date: /home/zjkj/unitreeGO2_ws/install/go2_twist_bridge/lib/go2_twist_bridge/twist_bridge
[0.080s] -- Up-to-date: /home/zjkj/unitreeGO2_ws/install/go2_twist_bridge/share/ament_index/resource_index/package_run_dependencies/go2_twist_bridge
[0.080s] -- Up-to-date: /home/zjkj/unitreeGO2_ws/install/go2_twist_bridge/share/ament_index/resource_index/parent_prefix_path/go2_twist_bridge
[0.080s] -- Up-to-date: /home/zjkj/unitreeGO2_ws/install/go2_twist_bridge/share/go2_twist_bridge/environment/ament_prefix_path.sh
[0.080s] -- Up-to-date: /home/zjkj/unitreeGO2_ws/install/go2_twist_bridge/share/go2_twist_bridge/environment/ament_prefix_path.dsv
[0.080s] -- Up-to-date: /home/zjkj/unitreeGO2_ws/install/go2_twist_bridge/share/go2_twist_bridge/environment/path.sh
[0.080s] -- Up-to-date: /home/zjkj/unitreeGO2_ws/install/go2_twist_bridge/share/go2_twist_bridge/environment/path.dsv
[0.080s] -- Up-to-date: /home/zjkj/unitreeGO2_ws/install/go2_twist_bridge/share/go2_twist_bridge/local_setup.bash
[0.080s] -- Up-to-date: /home/zjkj/unitreeGO2_ws/install/go2_twist_bridge/share/go2_twist_bridge/local_setup.sh
[0.081s] -- Up-to-date: /home/zjkj/unitreeGO2_ws/install/go2_twist_bridge/share/go2_twist_bridge/local_setup.zsh
[0.081s] -- Up-to-date: /home/zjkj/unitreeGO2_ws/install/go2_twist_bridge/share/go2_twist_bridge/local_setup.dsv
[0.081s] -- Installing: /home/zjkj/unitreeGO2_ws/install/go2_twist_bridge/share/go2_twist_bridge/package.dsv
[0.081s] -- Up-to-date: /home/zjkj/unitreeGO2_ws/install/go2_twist_bridge/share/ament_index/resource_index/packages/go2_twist_bridge
[0.082s] -- Up-to-date: /home/zjkj/unitreeGO2_ws/install/go2_twist_bridge/share/go2_twist_bridge/cmake/go2_twist_bridgeConfig.cmake
[0.082s] -- Up-to-date: /home/zjkj/unitreeGO2_ws/install/go2_twist_bridge/share/go2_twist_bridge/cmake/go2_twist_bridgeConfig-version.cmake
[0.082s] -- Up-to-date: /home/zjkj/unitreeGO2_ws/install/go2_twist_bridge/share/go2_twist_bridge/package.xml
[0.083s] Invoked command in '/home/zjkj/unitreeGO2_ws/build/go2_twist_bridge' returned '0': CMAKE_PREFIX_PATH=${CMAKE_PREFIX_PATH}:/home/zjkj/unitreeGO2_ws/install/go2_teleop_ctrl_keyboard:/opt/ros/foxy /usr/bin/cmake --install /home/zjkj/unitreeGO2_ws/build/go2_twist_bridge
