running egg_info
writing ../build/go2_twist_bridge_py/go2_twist_bridge_py.egg-info/PKG-INFO
writing dependency_links to ../build/go2_twist_bridge_py/go2_twist_bridge_py.egg-info/dependency_links.txt
writing entry points to ../build/go2_twist_bridge_py/go2_twist_bridge_py.egg-info/entry_points.txt
writing requirements to ../build/go2_twist_bridge_py/go2_twist_bridge_py.egg-info/requires.txt
writing top-level names to ../build/go2_twist_bridge_py/go2_twist_bridge_py.egg-info/top_level.txt
reading manifest file '../build/go2_twist_bridge_py/go2_twist_bridge_py.egg-info/SOURCES.txt'
writing manifest file '../build/go2_twist_bridge_py/go2_twist_bridge_py.egg-info/SOURCES.txt'
running build
running build_py
copying go2_twist_bridge_py/twist_bridge.py -> /home/zjkj/unitreeGO2_ws/src/base/build/go2_twist_bridge_py/build/lib/go2_twist_bridge_py
running install
running install_lib
copying /home/zjkj/unitreeGO2_ws/src/base/build/go2_twist_bridge_py/build/lib/go2_twist_bridge_py/twist_bridge.py -> /home/zjkj/unitreeGO2_ws/src/base/install/go2_twist_bridge_py/lib/python3.8/site-packages/go2_twist_bridge_py
byte-compiling /home/zjkj/unitreeGO2_ws/src/base/install/go2_twist_bridge_py/lib/python3.8/site-packages/go2_twist_bridge_py/twist_bridge.py to twist_bridge.cpython-38.pyc
running install_data
running install_egg_info
removing '/home/zjkj/unitreeGO2_ws/src/base/install/go2_twist_bridge_py/lib/python3.8/site-packages/go2_twist_bridge_py-0.0.0-py3.8.egg-info' (and everything under it)
Copying ../build/go2_twist_bridge_py/go2_twist_bridge_py.egg-info to /home/zjkj/unitreeGO2_ws/src/base/install/go2_twist_bridge_py/lib/python3.8/site-packages/go2_twist_bridge_py-0.0.0-py3.8.egg-info
running install_scripts
Installing twist_bridge script to /home/zjkj/unitreeGO2_ws/src/base/install/go2_twist_bridge_py/lib/go2_twist_bridge_py
writing list of installed files to '/home/zjkj/unitreeGO2_ws/src/base/build/go2_twist_bridge_py/install.log'
