[0.106s] DEBUG:colcon:Command line arguments: ['/usr/bin/colcon', 'build', '--packages-select', 'go2_twist_brigeg_py']
[0.106s] DEBUG:colcon:Parsed command line arguments: Namespace(allow_overriding=[], ament_cmake_args=None, base_paths=['.'], build_base='build', catkin_cmake_args=None, catkin_skip_building_tests=False, cmake_args=None, cmake_clean_cache=False, cmake_clean_first=False, cmake_force_configure=False, cmake_target=None, cmake_target_skip_unavailable=False, continue_on_error=False, event_handlers=None, executor='parallel', ignore_user_meta=False, install_base='install', log_base=None, log_level=None, main=<bound method BuildVerb.main of <colcon_core.verb.build.BuildVerb object at 0x7f3ef25572b0>>, merge_install=False, metas=['./colcon.meta'], packages_above=None, packages_above_and_dependencies=None, packages_above_depth=None, packages_end=None, packages_ignore=None, packages_ignore_regex=None, packages_select=['go2_twist_brigeg_py'], packages_select_build_failed=False, packages_select_by_dep=None, packages_select_regex=None, packages_select_test_failures=False, packages_skip=None, packages_skip_build_finished=False, packages_skip_by_dep=None, packages_skip_regex=None, packages_skip_test_passed=False, packages_skip_up_to=None, packages_start=None, packages_up_to=None, packages_up_to_regex=None, parallel_workers=16, paths=None, symlink_install=False, test_result_base=None, verb_extension=<colcon_core.verb.build.BuildVerb object at 0x7f3ef25572b0>, verb_name='build', verb_parser=<colcon_defaults.argument_parser.defaults.DefaultArgumentsDecorator object at 0x7f3ef24a04f0>)
[0.183s] Level 1:colcon.colcon_core.package_discovery:discover_packages(colcon_meta) check parameters
[0.183s] Level 1:colcon.colcon_core.package_discovery:discover_packages(recursive) check parameters
[0.183s] Level 1:colcon.colcon_core.package_discovery:discover_packages(ignore) check parameters
[0.183s] Level 1:colcon.colcon_core.package_discovery:discover_packages(path) check parameters
[0.183s] Level 1:colcon.colcon_core.package_discovery:discover_packages(colcon_meta) discover
[0.183s] Level 1:colcon.colcon_core.package_discovery:discover_packages(recursive) discover
[0.183s] INFO:colcon.colcon_core.package_discovery:Crawling recursively for packages in '/home/zjkj/unitreeGO2_ws/src/base'
[0.184s] Level 1:colcon.colcon_core.package_identification:_identify(.) by extensions ['ignore', 'ignore_ament_install']
[0.184s] Level 1:colcon.colcon_core.package_identification:_identify(.) by extension 'ignore'
[0.184s] Level 1:colcon.colcon_core.package_identification:_identify(.) by extension 'ignore_ament_install'
[0.184s] Level 1:colcon.colcon_core.package_identification:_identify(.) by extensions ['colcon_pkg']
[0.184s] Level 1:colcon.colcon_core.package_identification:_identify(.) by extension 'colcon_pkg'
[0.184s] Level 1:colcon.colcon_core.package_identification:_identify(.) by extensions ['colcon_meta']
[0.184s] Level 1:colcon.colcon_core.package_identification:_identify(.) by extension 'colcon_meta'
[0.184s] Level 1:colcon.colcon_core.package_identification:_identify(.) by extensions ['ros']
[0.184s] Level 1:colcon.colcon_core.package_identification:_identify(.) by extension 'ros'
[0.190s] Level 1:colcon.colcon_core.package_identification:_identify(.) by extensions ['cmake', 'python']
[0.191s] Level 1:colcon.colcon_core.package_identification:_identify(.) by extension 'cmake'
[0.191s] Level 1:colcon.colcon_core.package_identification:_identify(.) by extension 'python'
[0.191s] Level 1:colcon.colcon_core.package_identification:_identify(.) by extensions ['python_setup_py']
[0.191s] Level 1:colcon.colcon_core.package_identification:_identify(.) by extension 'python_setup_py'
[0.191s] Level 1:colcon.colcon_core.package_identification:_identify(build) by extensions ['ignore', 'ignore_ament_install']
[0.191s] Level 1:colcon.colcon_core.package_identification:_identify(build) by extension 'ignore'
[0.191s] Level 1:colcon.colcon_core.package_identification:_identify(build) ignored
[0.191s] Level 1:colcon.colcon_core.package_identification:_identify(go2_description) by extensions ['ignore', 'ignore_ament_install']
[0.191s] Level 1:colcon.colcon_core.package_identification:_identify(go2_description) by extension 'ignore'
[0.191s] Level 1:colcon.colcon_core.package_identification:_identify(go2_description) by extension 'ignore_ament_install'
[0.191s] Level 1:colcon.colcon_core.package_identification:_identify(go2_description) by extensions ['colcon_pkg']
[0.191s] Level 1:colcon.colcon_core.package_identification:_identify(go2_description) by extension 'colcon_pkg'
[0.191s] Level 1:colcon.colcon_core.package_identification:_identify(go2_description) by extensions ['colcon_meta']
[0.191s] Level 1:colcon.colcon_core.package_identification:_identify(go2_description) by extension 'colcon_meta'
[0.191s] Level 1:colcon.colcon_core.package_identification:_identify(go2_description) by extensions ['ros']
[0.191s] Level 1:colcon.colcon_core.package_identification:_identify(go2_description) by extension 'ros'
[0.192s] DEBUG:colcon.colcon_core.package_identification:Package 'go2_description' with type 'ros.ament_cmake' and name 'go2_description'
[0.192s] Level 1:colcon.colcon_core.package_identification:_identify(go2_driver) by extensions ['ignore', 'ignore_ament_install']
[0.193s] Level 1:colcon.colcon_core.package_identification:_identify(go2_driver) by extension 'ignore'
[0.193s] Level 1:colcon.colcon_core.package_identification:_identify(go2_driver) by extension 'ignore_ament_install'
[0.193s] Level 1:colcon.colcon_core.package_identification:_identify(go2_driver) by extensions ['colcon_pkg']
[0.193s] Level 1:colcon.colcon_core.package_identification:_identify(go2_driver) by extension 'colcon_pkg'
[0.193s] Level 1:colcon.colcon_core.package_identification:_identify(go2_driver) by extensions ['colcon_meta']
[0.193s] Level 1:colcon.colcon_core.package_identification:_identify(go2_driver) by extension 'colcon_meta'
[0.193s] Level 1:colcon.colcon_core.package_identification:_identify(go2_driver) by extensions ['ros']
[0.193s] Level 1:colcon.colcon_core.package_identification:_identify(go2_driver) by extension 'ros'
[0.193s] DEBUG:colcon.colcon_core.package_identification:Package 'go2_driver' with type 'ros.ament_cmake' and name 'go2_driver'
[0.193s] Level 1:colcon.colcon_core.package_identification:_identify(go2_driver_py) by extensions ['ignore', 'ignore_ament_install']
[0.193s] Level 1:colcon.colcon_core.package_identification:_identify(go2_driver_py) by extension 'ignore'
[0.193s] Level 1:colcon.colcon_core.package_identification:_identify(go2_driver_py) by extension 'ignore_ament_install'
[0.193s] Level 1:colcon.colcon_core.package_identification:_identify(go2_driver_py) by extensions ['colcon_pkg']
[0.193s] Level 1:colcon.colcon_core.package_identification:_identify(go2_driver_py) by extension 'colcon_pkg'
[0.193s] Level 1:colcon.colcon_core.package_identification:_identify(go2_driver_py) by extensions ['colcon_meta']
[0.193s] Level 1:colcon.colcon_core.package_identification:_identify(go2_driver_py) by extension 'colcon_meta'
[0.193s] Level 1:colcon.colcon_core.package_identification:_identify(go2_driver_py) by extensions ['ros']
[0.193s] Level 1:colcon.colcon_core.package_identification:_identify(go2_driver_py) by extension 'ros'
[0.194s] DEBUG:colcon.colcon_core.package_identification:Package 'go2_driver_py' with type 'ros.ament_cmake' and name 'go2_driver_py'
[0.194s] Level 1:colcon.colcon_core.package_identification:_identify(go2_teleop_ctrl_keyboard) by extensions ['ignore', 'ignore_ament_install']
[0.194s] Level 1:colcon.colcon_core.package_identification:_identify(go2_teleop_ctrl_keyboard) by extension 'ignore'
[0.194s] Level 1:colcon.colcon_core.package_identification:_identify(go2_teleop_ctrl_keyboard) by extension 'ignore_ament_install'
[0.194s] Level 1:colcon.colcon_core.package_identification:_identify(go2_teleop_ctrl_keyboard) by extensions ['colcon_pkg']
[0.194s] Level 1:colcon.colcon_core.package_identification:_identify(go2_teleop_ctrl_keyboard) by extension 'colcon_pkg'
[0.194s] Level 1:colcon.colcon_core.package_identification:_identify(go2_teleop_ctrl_keyboard) by extensions ['colcon_meta']
[0.194s] Level 1:colcon.colcon_core.package_identification:_identify(go2_teleop_ctrl_keyboard) by extension 'colcon_meta'
[0.194s] Level 1:colcon.colcon_core.package_identification:_identify(go2_teleop_ctrl_keyboard) by extensions ['ros']
[0.194s] Level 1:colcon.colcon_core.package_identification:_identify(go2_teleop_ctrl_keyboard) by extension 'ros'
[0.194s] DEBUG:colcon.colcon_core.package_identification:Package 'go2_teleop_ctrl_keyboard' with type 'ros.ament_python' and name 'go2_teleop_ctrl_keyboard'
[0.194s] Level 1:colcon.colcon_core.package_identification:_identify(go2_twist_brideg_py) by extensions ['ignore', 'ignore_ament_install']
[0.194s] Level 1:colcon.colcon_core.package_identification:_identify(go2_twist_brideg_py) by extension 'ignore'
[0.194s] Level 1:colcon.colcon_core.package_identification:_identify(go2_twist_brideg_py) by extension 'ignore_ament_install'
[0.194s] Level 1:colcon.colcon_core.package_identification:_identify(go2_twist_brideg_py) by extensions ['colcon_pkg']
[0.194s] Level 1:colcon.colcon_core.package_identification:_identify(go2_twist_brideg_py) by extension 'colcon_pkg'
[0.195s] Level 1:colcon.colcon_core.package_identification:_identify(go2_twist_brideg_py) by extensions ['colcon_meta']
[0.195s] Level 1:colcon.colcon_core.package_identification:_identify(go2_twist_brideg_py) by extension 'colcon_meta'
[0.195s] Level 1:colcon.colcon_core.package_identification:_identify(go2_twist_brideg_py) by extensions ['ros']
[0.195s] Level 1:colcon.colcon_core.package_identification:_identify(go2_twist_brideg_py) by extension 'ros'
[0.195s] DEBUG:colcon.colcon_core.package_identification:Package 'go2_twist_brideg_py' with type 'ros.ament_python' and name 'go2_twist_brideg_py'
[0.195s] Level 1:colcon.colcon_core.package_identification:_identify(go2_twist_bridge) by extensions ['ignore', 'ignore_ament_install']
[0.195s] Level 1:colcon.colcon_core.package_identification:_identify(go2_twist_bridge) by extension 'ignore'
[0.195s] Level 1:colcon.colcon_core.package_identification:_identify(go2_twist_bridge) by extension 'ignore_ament_install'
[0.195s] Level 1:colcon.colcon_core.package_identification:_identify(go2_twist_bridge) by extensions ['colcon_pkg']
[0.195s] Level 1:colcon.colcon_core.package_identification:_identify(go2_twist_bridge) by extension 'colcon_pkg'
[0.195s] Level 1:colcon.colcon_core.package_identification:_identify(go2_twist_bridge) by extensions ['colcon_meta']
[0.195s] Level 1:colcon.colcon_core.package_identification:_identify(go2_twist_bridge) by extension 'colcon_meta'
[0.195s] Level 1:colcon.colcon_core.package_identification:_identify(go2_twist_bridge) by extensions ['ros']
[0.195s] Level 1:colcon.colcon_core.package_identification:_identify(go2_twist_bridge) by extension 'ros'
[0.196s] DEBUG:colcon.colcon_core.package_identification:Package 'go2_twist_bridge' with type 'ros.ament_cmake' and name 'go2_twist_bridge'
[0.196s] Level 1:colcon.colcon_core.package_identification:_identify(install) by extensions ['ignore', 'ignore_ament_install']
[0.196s] Level 1:colcon.colcon_core.package_identification:_identify(install) by extension 'ignore'
[0.196s] Level 1:colcon.colcon_core.package_identification:_identify(install) ignored
[0.196s] Level 1:colcon.colcon_core.package_identification:_identify(log) by extensions ['ignore', 'ignore_ament_install']
[0.196s] Level 1:colcon.colcon_core.package_identification:_identify(log) by extension 'ignore'
[0.196s] Level 1:colcon.colcon_core.package_identification:_identify(log) ignored
[0.196s] Level 1:colcon.colcon_core.package_discovery:discover_packages(recursive) using defaults
[0.196s] Level 1:colcon.colcon_core.package_discovery:discover_packages(ignore) discover
[0.196s] Level 1:colcon.colcon_core.package_discovery:discover_packages(ignore) using defaults
[0.196s] Level 1:colcon.colcon_core.package_discovery:discover_packages(path) discover
[0.196s] Level 1:colcon.colcon_core.package_discovery:discover_packages(path) using defaults
[0.196s] WARNING:colcon.colcon_core.package_selection:ignoring unknown package 'go2_twist_brigeg_py' in --packages-select
[0.206s] INFO:colcon.colcon_core.package_selection:Skipping not selected package 'go2_description' in 'go2_description'
[0.206s] INFO:colcon.colcon_core.package_selection:Skipping not selected package 'go2_driver' in 'go2_driver'
[0.206s] INFO:colcon.colcon_core.package_selection:Skipping not selected package 'go2_driver_py' in 'go2_driver_py'
[0.206s] INFO:colcon.colcon_core.package_selection:Skipping not selected package 'go2_teleop_ctrl_keyboard' in 'go2_teleop_ctrl_keyboard'
[0.206s] INFO:colcon.colcon_core.package_selection:Skipping not selected package 'go2_twist_brideg_py' in 'go2_twist_brideg_py'
[0.206s] INFO:colcon.colcon_core.package_selection:Skipping not selected package 'go2_twist_bridge' in 'go2_twist_bridge'
[0.206s] Level 1:colcon.colcon_core.package_discovery:discover_packages(prefix_path) check parameters
[0.206s] Level 1:colcon.colcon_core.package_discovery:discover_packages(prefix_path) discover
[0.207s] DEBUG:colcon.colcon_installed_package_information.package_discovery:Found 5 installed packages in /home/zjkj/unitree_ros2/cyclonedds_ws/install
[0.208s] DEBUG:colcon.colcon_installed_package_information.package_discovery:Found 261 installed packages in /opt/ros/foxy
[0.217s] Level 1:colcon.colcon_core.package_discovery:discover_packages(prefix_path) using defaults
[0.247s] INFO:colcon.colcon_core.executor:Executing jobs using 'parallel' executor
[0.248s] DEBUG:colcon.colcon_parallel_executor.executor.parallel:run_until_complete
[0.248s] DEBUG:colcon.colcon_parallel_executor.executor.parallel:closing loop
[0.248s] DEBUG:colcon.colcon_parallel_executor.executor.parallel:loop closed
[0.248s] DEBUG:colcon.colcon_parallel_executor.executor.parallel:run_until_complete finished with '0'
[0.248s] DEBUG:colcon.colcon_core.event_reactor:joining thread
[0.251s] INFO:colcon.colcon_core.plugin_system:Skipping extension 'colcon_notification.desktop_notification.terminal_notifier': Not used on non-Darwin systems
[0.251s] INFO:colcon.colcon_core.plugin_system:Skipping extension 'colcon_notification.desktop_notification.win32': Not used on non-Windows systems
[0.251s] INFO:colcon.colcon_notification.desktop_notification:Sending desktop notification using 'notify2'
[0.263s] DEBUG:colcon.colcon_core.event_reactor:joined thread
[0.264s] INFO:colcon.colcon_core.plugin_system:Skipping extension 'colcon_core.shell.bat': Not used on non-Windows systems
[0.265s] INFO:colcon.colcon_core.shell:Creating prefix script '/home/zjkj/unitreeGO2_ws/src/base/install/local_setup.ps1'
[0.266s] INFO:colcon.colcon_core.shell:Creating prefix util module '/home/zjkj/unitreeGO2_ws/src/base/install/_local_setup_util_ps1.py'
[0.267s] INFO:colcon.colcon_core.shell:Creating prefix chain script '/home/zjkj/unitreeGO2_ws/src/base/install/setup.ps1'
[0.268s] INFO:colcon.colcon_core.shell:Creating prefix script '/home/zjkj/unitreeGO2_ws/src/base/install/local_setup.sh'
[0.268s] INFO:colcon.colcon_core.shell:Creating prefix util module '/home/zjkj/unitreeGO2_ws/src/base/install/_local_setup_util_sh.py'
[0.268s] INFO:colcon.colcon_core.shell:Creating prefix chain script '/home/zjkj/unitreeGO2_ws/src/base/install/setup.sh'
[0.269s] INFO:colcon.colcon_core.shell:Creating prefix script '/home/zjkj/unitreeGO2_ws/src/base/install/local_setup.bash'
[0.269s] INFO:colcon.colcon_core.shell:Creating prefix chain script '/home/zjkj/unitreeGO2_ws/src/base/install/setup.bash'
[0.270s] INFO:colcon.colcon_core.shell:Creating prefix script '/home/zjkj/unitreeGO2_ws/src/base/install/local_setup.zsh'
[0.270s] INFO:colcon.colcon_core.shell:Creating prefix chain script '/home/zjkj/unitreeGO2_ws/src/base/install/setup.zsh'
