[0.008s] Invoking command in '/home/zjkj/unitreeGO2_ws/build/go2_driver_py': CMAKE_PREFIX_PATH=${CMAKE_PREFIX_PATH}:/home/zjkj/unitreeGO2_ws/install/go2_teleop_ctrl_keyboard:/opt/ros/foxy /usr/bin/cmake /home/zjkj/unitreeGO2_ws/src/base/go2_driver_py -DCMAKE_INSTALL_PREFIX=/home/zjkj/unitreeGO2_ws/install/go2_driver_py
[0.043s] -- The C compiler identification is GNU 9.4.0
[0.074s] -- The CXX compiler identification is GNU 9.4.0
[0.077s] -- Check for working C compiler: /usr/bin/cc
[0.121s] -- Check for working C compiler: /usr/bin/cc -- works
[0.122s] -- Detecting C compiler ABI info
[0.165s] -- Detecting C compiler ABI info - done
[0.174s] -- Detecting C compile features
[0.174s] -- Detecting C compile features - done
[0.176s] -- Check for working CXX compiler: /usr/bin/c++
[0.230s] -- Check for working CXX compiler: /usr/bin/c++ -- works
[0.231s] -- Detecting CXX compiler ABI info
[0.278s] -- Detecting CXX compiler ABI info - done
[0.285s] -- Detecting CXX compile features
[0.285s] -- Detecting CXX compile features - done
[0.286s] -- Found ament_cmake: 0.9.12 (/opt/ros/foxy/share/ament_cmake/cmake)
[0.301s] -- Found PythonInterp: /usr/bin/python3 (found suitable version "3.8.10", minimum required is "3") 
[0.301s] -- Using PYTHON_EXECUTABLE: /usr/bin/python3
[0.409s] -- Found rclpy: 1.0.13 (/opt/ros/foxy/share/rclpy/cmake)
[0.409s] -- Found unitree_go: 0.0.0 (/home/zjkj/unitree_ros2/cyclonedds_ws/install/unitree_go/share/unitree_go/cmake)
[0.433s] -- Using all available rosidl_typesupport_c: rosidl_typesupport_fastrtps_c;rosidl_typesupport_introspection_c
[0.437s] -- Found rosidl_adapter: 1.3.1 (/opt/ros/foxy/share/rosidl_adapter/cmake)
[0.485s] -- Found OpenSSL: /usr/lib/x86_64-linux-gnu/libcrypto.so (found version "1.1.1f")  
[0.502s] -- Found FastRTPS: /opt/ros/foxy/include  
[0.551s] -- Using all available rosidl_typesupport_cpp: rosidl_typesupport_fastrtps_cpp;rosidl_typesupport_introspection_cpp
[0.640s] -- Found ament_lint_auto: 0.9.8 (/opt/ros/foxy/share/ament_lint_auto/cmake)
[0.683s] -- Added test 'copyright' to check source files copyright and LICENSE
[0.683s] -- Added test 'cppcheck' to perform static code analysis on C / C++ code
[0.683s] -- Configured cppcheck include dirs: $<BUILD_INTERFACE:/home/zjkj/unitreeGO2_ws/src/base/go2_driver_py/include>
[0.683s] -- Configured cppcheck exclude dirs and/or files: 
[0.684s] -- Added test 'cpplint' to check C / C++ code against the Google style
[0.684s] -- Configured cpplint exclude dirs and/or files: 
[0.684s] -- Added test 'lint_cmake' to check CMake code style
[0.685s] -- Added test 'uncrustify' to check C / C++ code style
[0.685s] -- Configured uncrustify additional arguments: 
[0.685s] -- Added test 'xmllint' to check XML markup files
[0.686s] -- Configuring done
[0.689s] -- Generating done
[0.691s] -- Build files have been written to: /home/zjkj/unitreeGO2_ws/build/go2_driver_py
[0.698s] Invoked command in '/home/zjkj/unitreeGO2_ws/build/go2_driver_py' returned '0': CMAKE_PREFIX_PATH=${CMAKE_PREFIX_PATH}:/home/zjkj/unitreeGO2_ws/install/go2_teleop_ctrl_keyboard:/opt/ros/foxy /usr/bin/cmake /home/zjkj/unitreeGO2_ws/src/base/go2_driver_py -DCMAKE_INSTALL_PREFIX=/home/zjkj/unitreeGO2_ws/install/go2_driver_py
[0.698s] Invoking command in '/home/zjkj/unitreeGO2_ws/build/go2_driver_py': CMAKE_PREFIX_PATH=${CMAKE_PREFIX_PATH}:/home/zjkj/unitreeGO2_ws/install/go2_teleop_ctrl_keyboard:/opt/ros/foxy /usr/bin/cmake --build /home/zjkj/unitreeGO2_ws/build/go2_driver_py -- -j16 -l16
[0.725s] [35m[1mScanning dependencies of target driver[0m
[0.732s] [ 50%] [32mBuilding CXX object CMakeFiles/driver.dir/src/driver.cpp.o[0m
[0.750s] [100%] [32m[1mLinking CXX executable driver[0m
[0.779s] [100%] Built target driver
[0.786s] Invoked command in '/home/zjkj/unitreeGO2_ws/build/go2_driver_py' returned '0': CMAKE_PREFIX_PATH=${CMAKE_PREFIX_PATH}:/home/zjkj/unitreeGO2_ws/install/go2_teleop_ctrl_keyboard:/opt/ros/foxy /usr/bin/cmake --build /home/zjkj/unitreeGO2_ws/build/go2_driver_py -- -j16 -l16
[0.795s] Invoking command in '/home/zjkj/unitreeGO2_ws/build/go2_driver_py': CMAKE_PREFIX_PATH=${CMAKE_PREFIX_PATH}:/home/zjkj/unitreeGO2_ws/install/go2_teleop_ctrl_keyboard:/opt/ros/foxy /usr/bin/cmake --install /home/zjkj/unitreeGO2_ws/build/go2_driver_py
[0.799s] -- Install configuration: ""
[0.799s] -- Installing: /home/zjkj/unitreeGO2_ws/install/go2_driver_py/lib/go2_driver_py/driver
[0.800s] -- Set runtime path of "/home/zjkj/unitreeGO2_ws/install/go2_driver_py/lib/go2_driver_py/driver" to ""
[0.800s] -- Installing: /home/zjkj/unitreeGO2_ws/install/go2_driver_py/share/ament_index/resource_index/package_run_dependencies/go2_driver_py
[0.800s] -- Installing: /home/zjkj/unitreeGO2_ws/install/go2_driver_py/share/ament_index/resource_index/parent_prefix_path/go2_driver_py
[0.800s] -- Installing: /home/zjkj/unitreeGO2_ws/install/go2_driver_py/share/go2_driver_py/environment/ament_prefix_path.sh
[0.800s] -- Installing: /home/zjkj/unitreeGO2_ws/install/go2_driver_py/share/go2_driver_py/environment/ament_prefix_path.dsv
[0.800s] -- Installing: /home/zjkj/unitreeGO2_ws/install/go2_driver_py/share/go2_driver_py/environment/path.sh
[0.800s] -- Installing: /home/zjkj/unitreeGO2_ws/install/go2_driver_py/share/go2_driver_py/environment/path.dsv
[0.800s] -- Installing: /home/zjkj/unitreeGO2_ws/install/go2_driver_py/share/go2_driver_py/local_setup.bash
[0.800s] -- Installing: /home/zjkj/unitreeGO2_ws/install/go2_driver_py/share/go2_driver_py/local_setup.sh
[0.800s] -- Installing: /home/zjkj/unitreeGO2_ws/install/go2_driver_py/share/go2_driver_py/local_setup.zsh
[0.800s] -- Installing: /home/zjkj/unitreeGO2_ws/install/go2_driver_py/share/go2_driver_py/local_setup.dsv
[0.800s] -- Installing: /home/zjkj/unitreeGO2_ws/install/go2_driver_py/share/go2_driver_py/package.dsv
[0.800s] -- Installing: /home/zjkj/unitreeGO2_ws/install/go2_driver_py/share/ament_index/resource_index/packages/go2_driver_py
[0.800s] -- Installing: /home/zjkj/unitreeGO2_ws/install/go2_driver_py/share/go2_driver_py/cmake/go2_driver_pyConfig.cmake
[0.800s] -- Installing: /home/zjkj/unitreeGO2_ws/install/go2_driver_py/share/go2_driver_py/cmake/go2_driver_pyConfig-version.cmake
[0.800s] -- Installing: /home/zjkj/unitreeGO2_ws/install/go2_driver_py/share/go2_driver_py/package.xml
[0.802s] Invoked command in '/home/zjkj/unitreeGO2_ws/build/go2_driver_py' returned '0': CMAKE_PREFIX_PATH=${CMAKE_PREFIX_PATH}:/home/zjkj/unitreeGO2_ws/install/go2_teleop_ctrl_keyboard:/opt/ros/foxy /usr/bin/cmake --install /home/zjkj/unitreeGO2_ws/build/go2_driver_py
